Using pre-set license
Built from '2020.3/staging' branch; Version is '2020.3.17f1 (a4537701e4ab) revision 10769271'; Using compiler version '192528614'; Build Type 'Release'
OS: 'Windows 10 Pro; OS build 19043.1202; Version 2009; 64bit' Language: 'hu' Physical Memory: 8064 MB
BatchMode: 1, IsHumanControllingUs: 0, StartBugReporterOnCrash: 0, Is64bit: 1, IsPro: 0

COMMAND LINE ARGUMENTS:
C:\Program Files\Unity\Hub\Editor\2020.3.17f1\Editor\2020.3.17f1\Editor\Unity.exe
-adb2
-batchMode
-noUpm
-name
AssetImportWorker0
-projectPath
C:/Unity/poco-the-adventurer
-logFile
Logs/AssetImportWorker0.log
-srvPort
55033
Successfully changed project path to: C:/Unity/poco-the-adventurer
C:/Unity/poco-the-adventurer
Using Asset Import Pipeline V2.
Unable to join player connection multicast group.

Refreshing native plugins compatible for Editor in 58.90 ms, found 3 plugins.
Preloading 0 native plugins for Editor in 0.00 ms.
Initialize engine version: 2020.3.17f1 (a4537701e4ab)
[Subsystems] Discovering subsystems at path C:/Program Files/Unity/Hub/Editor/2020.3.17f1/Editor/2020.3.17f1/Editor/Data/Resources/UnitySubsystems
[Subsystems] Discovering subsystems at path C:/Unity/poco-the-adventurer/Assets
GfxDevice: creating device client; threaded=0
Direct3D:
    Version:  Direct3D 11.0 [level 11.0]
    Renderer: NVIDIA GeForce GTX 960M (ID=0x139b)
    Vendor:   
    VRAM:     4055 MB
    Driver:   23.21.13.9125
Initialize mono
Mono path[0] = 'C:/Program Files/Unity/Hub/Editor/2020.3.17f1/Editor/2020.3.17f1/Editor/Data/Managed'
Mono path[1] = 'C:/Program Files/Unity/Hub/Editor/2020.3.17f1/Editor/2020.3.17f1/Editor/Data/MonoBleedingEdge/lib/mono/unityjit'
Mono config path = 'C:/Program Files/Unity/Hub/Editor/2020.3.17f1/Editor/2020.3.17f1/Editor/Data/MonoBleedingEdge/etc'
Using monoOptions --debugger-agent=transport=dt_socket,embedding=1,server=y,suspend=n,address=127.0.0.1:56380
Begin MonoManager ReloadAssembly
Registering precompiled unity dll's ...
Register platform support module: C:/Program Files/Unity/Hub/Editor/2020.3.17f1/Editor/2020.3.17f1/Editor/Data/PlaybackEngines/WebGLSupport/UnityEditor.WebGL.Extensions.dll
Register platform support module: C:/Program Files/Unity/Hub/Editor/2020.3.17f1/Editor/2020.3.17f1/Editor/Data/PlaybackEngines/WindowsStandaloneSupport/UnityEditor.WindowsStandalone.Extensions.dll
Registered in 0.003146 seconds.
Native extension for WindowsStandalone target not found
Native extension for WebGL target not found
Refreshing native plugins compatible for Editor in 61.66 ms, found 3 plugins.
Preloading 0 native plugins for Editor in 0.00 ms.
Mono: successfully reloaded assembly
- Completed reload, in  1.747 seconds
Domain Reload Profiling:
	ReloadAssembly (1748ms)
		BeginReloadAssembly (95ms)
			ExecutionOrderSort (0ms)
			DisableScriptedObjects (0ms)
			BackupInstance (0ms)
			ReleaseScriptingObjects (0ms)
			CreateAndSetChildDomain (2ms)
		EndReloadAssembly (629ms)
			LoadAssemblies (91ms)
			RebuildTransferFunctionScriptingTraits (0ms)
			SetupTypeCache (218ms)
			ReleaseScriptCaches (0ms)
			RebuildScriptCaches (38ms)
			SetupLoadedEditorAssemblies (267ms)
				LogAssemblyErrors (0ms)
				InitializePlatformSupportModulesInManaged (6ms)
				SetLoadedEditorAssemblies (0ms)
				RefreshPlugins (62ms)
				BeforeProcessingInitializeOnLoad (22ms)
				ProcessInitializeOnLoadAttributes (135ms)
				ProcessInitializeOnLoadMethodAttributes (41ms)
				AfterProcessingInitializeOnLoad (0ms)
				EditorAssembliesLoaded (0ms)
			ExecutionOrderSort2 (0ms)
			AwakeInstancesAfterBackupRestoration (0ms)
Platform modules already initialized, skipping
Registering precompiled user dll's ...
Registered in 0.005669 seconds.
Begin MonoManager ReloadAssembly
Native extension for WindowsStandalone target not found
Native extension for WebGL target not found
Refreshing native plugins compatible for Editor in 52.49 ms, found 3 plugins.
Preloading 0 native plugins for Editor in 0.00 ms.
Mono: successfully reloaded assembly
- Completed reload, in  1.767 seconds
Domain Reload Profiling:
	ReloadAssembly (1769ms)
		BeginReloadAssembly (204ms)
			ExecutionOrderSort (0ms)
			DisableScriptedObjects (6ms)
			BackupInstance (0ms)
			ReleaseScriptingObjects (0ms)
			CreateAndSetChildDomain (30ms)
		EndReloadAssembly (1469ms)
			LoadAssemblies (130ms)
			RebuildTransferFunctionScriptingTraits (0ms)
			SetupTypeCache (455ms)
			ReleaseScriptCaches (1ms)
			RebuildScriptCaches (65ms)
			SetupLoadedEditorAssemblies (627ms)
				LogAssemblyErrors (0ms)
				InitializePlatformSupportModulesInManaged (6ms)
				SetLoadedEditorAssemblies (0ms)
				RefreshPlugins (53ms)
				BeforeProcessingInitializeOnLoad (120ms)
				ProcessInitializeOnLoadAttributes (407ms)
				ProcessInitializeOnLoadMethodAttributes (32ms)
				AfterProcessingInitializeOnLoad (9ms)
				EditorAssembliesLoaded (0ms)
			ExecutionOrderSort2 (0ms)
			AwakeInstancesAfterBackupRestoration (9ms)
Platform modules already initialized, skipping
========================================================================
Worker process is ready to serve import requests
Launched and connected shader compiler UnityShaderCompiler.exe after 0.14 seconds
Refreshing native plugins compatible for Editor in 0.51 ms, found 3 plugins.
Preloading 0 native plugins for Editor in 0.00 ms.
Unloading 2091 Unused Serialized files (Serialized files now loaded: 0)
System memory in use before: 93.2 MB.
System memory in use after: 93.3 MB.

Unloading 28 unused Assets to reduce memory usage. Loaded Objects now: 2528.
Total: 5.712300 ms (FindLiveObjects: 0.434100 ms CreateObjectMapping: 0.275200 ms MarkObjects: 4.803400 ms  DeleteObjects: 0.197900 ms)

AssetImportParameters requested are different than current active one (requested -> active):
  custom:framework-win-MediaFoundation: 216162199b28c13a410421893ffa2e32 -> 
  custom:video-decoder-ogg-theora: a1e56fd34408186e4bbccfd4996cb3dc -> 
  custom:container-muxer-webm: aa71ff27fc2769a1b78a27578f13a17b -> 
  custom:container-demuxer-webm: 4f35f7cbe854078d1ac9338744f61a02 -> 
  custom:container-demuxer-ogg: 62fdf1f143b41e24485cea50d1cbac27 -> 
  custom:video-encoder-webm-vp8: eb34c28f22e8b96e1ab97ce403110664 -> 
  custom:video-decoder-webm-vp8: 9c59270c3fd7afecdb556c50c9e8de78 -> 
  custom:audio-decoder-ogg-vorbis: bf7c407c2cedff20999df2af8eb42d56 -> 
  custom:audio-encoder-webm-vorbis: bf7c407c2cedff20999df2af8eb42d56 -> 
========================================================================
Received Import Request.
  path: Assets/Scenes/SampleScene.unity
  artifactKey: Guid(2cda990e2423bbf4892e6590ba056729) Importer(815301076,1909f56bfc062723c751e8b465ee728b)
Start importing Assets/Scenes/SampleScene.unity using Guid(2cda990e2423bbf4892e6590ba056729) Importer(815301076,1909f56bfc062723c751e8b465ee728b) Diagnostics callstack to track who triggered the sub-import:
0x00007ff68f4ee072 (Unity) ImporterAssetResolver::ResolveAsset
0x00007ff68f4b96f2 (Unity) ResolveArtifactV2
0x00007ff68f4d90b0 (Unity) ImportToObjects
0x00007ff68f4d84b8 (Unity) ImportAsset
0x00007ff68f43a2b8 (Unity) AssetImportWorker::Import
0x00007ff68f48d64a (Unity) <lambda_7448d646502792db0127dc89657ec83e>::operator()
0x00007ff68f5318d2 (Unity) asio::detail::completion_handler<core::mutable_function<void __cdecl(void)> >::do_complete
0x00007ff68f533a30 (Unity) asio::detail::win_iocp_io_service::do_one
0x00007ff68f5371be (Unity) asio::io_service::run
0x00007ff68f4ba40b (Unity) RunAssetImportWorkerClientV2
0x00007ff68f4ba460 (Unity) RunAssetImporterV2
0x00007ff68e9819a6 (Unity) Application::InitializeProject
0x00007ff68f3298b2 (Unity) WinMain
0x00007ff69117d3b6 (Unity) __scrt_common_main_seh
0x00007ffdbadf7034 (KERNEL32) BaseThreadInitThunk
0x00007ffdbcac2651 (ntdll) RtlUserThreadStart

Requesting import of Guid(2cda990e2423bbf4892e6590ba056729) Importer(-1,00000000000000000000000000000000), Assets/Scenes/Level1.unity from editor
Resuming Guid(2cda990e2423bbf4892e6590ba056729) Importer(-1,00000000000000000000000000000000) -> 00000000000000000000000000000000 (aborted)
 -> (artifact id: 'd0fa8371b51b176737438805bdd89918') in 4.521368 seconds 
  Import took 4.526428 seconds (was aborted).

========================================================================
Received Import Request.
  Time since last request: 0.000496 seconds.
  path: Assets/Scenes/Level1.unity
  artifactKey: Guid(2cda990e2423bbf4892e6590ba056729) Importer(815301076,1909f56bfc062723c751e8b465ee728b)
Start importing Assets/Scenes/Level1.unity using Guid(2cda990e2423bbf4892e6590ba056729) Importer(815301076,1909f56bfc062723c751e8b465ee728b)  -> (artifact id: '419676be6870bd28a122b87f3bfcebbf') in 0.021966 seconds 
  Import took 0.028817 seconds .

========================================================================
Received Import Request.
  Time since last request: 194.216080 seconds.
  path: Assets
  artifactKey: Guid(00000000000000001000000000000000) Importer(815301076,1909f56bfc062723c751e8b465ee728b)
Start importing Assets using Guid(00000000000000001000000000000000) Importer(815301076,1909f56bfc062723c751e8b465ee728b)  -> (artifact id: '42d402b061de3733987d63b9cc3b64de') in 0.018891 seconds 
  Import took 0.032103 seconds .

========================================================================
Received Import Request.
  Time since last request: 1041.057074 seconds.
  path: Assets/TEST - Delete After Testing
  artifactKey: Guid(5ce2accd8e748ad4b82d160d155aa6b2) Importer(815301076,1909f56bfc062723c751e8b465ee728b)
Start importing Assets/TEST - Delete After Testing using Guid(5ce2accd8e748ad4b82d160d155aa6b2) Importer(815301076,1909f56bfc062723c751e8b465ee728b)  -> (artifact id: 'a42088473c9f3c3fa866dc0dfb83e283') in 0.019454 seconds 
  Import took 0.032990 seconds .

========================================================================
Received Import Request.
  Time since last request: 308.551752 seconds.
  path: Assets/TEST - Delete After Testing/floor_1.asset
  artifactKey: Guid(f865b5cd8d197994f8adb152d0d5032d) Importer(815301076,1909f56bfc062723c751e8b465ee728b)
Start importing Assets/TEST - Delete After Testing/floor_1.asset using Guid(f865b5cd8d197994f8adb152d0d5032d) Importer(815301076,1909f56bfc062723c751e8b465ee728b)  -> (artifact id: '984b9968e14a135f76bb1e2530100cc8') in 0.155324 seconds 
  Import took 0.163226 seconds .

========================================================================
Received Import Request.
  Time since last request: 64.468387 seconds.
  path: Assets/TEST - Delete After Testing/Ground Palette.prefab
  artifactKey: Guid(1521394f572701a47b908e3d83def736) Importer(815301076,1909f56bfc062723c751e8b465ee728b)
Start importing Assets/TEST - Delete After Testing/Ground Palette.prefab using Guid(1521394f572701a47b908e3d83def736) Importer(815301076,1909f56bfc062723c751e8b465ee728b)  -> (artifact id: '73c08dba816bab7a569b37d4e9865aea') in 0.095269 seconds 
  Import took 0.101745 seconds .

========================================================================
Received Import Request.
  Time since last request: 1775.510298 seconds.
  path: Assets/Sprites/Pixel Shooter and Towers
  artifactKey: Guid(f0181b1fe0c6812449e24ba23666c16a) Importer(815301076,1909f56bfc062723c751e8b465ee728b)
Start importing Assets/Sprites/Pixel Shooter and Towers using Guid(f0181b1fe0c6812449e24ba23666c16a) Importer(815301076,1909f56bfc062723c751e8b465ee728b)  -> (artifact id: 'c9d6561bdffcd9476944dff544a39aba') in 0.021723 seconds 
  Import took 0.035826 seconds .

========================================================================
Received Import Request.
  Time since last request: 125.924842 seconds.
  path: ProjectSettings/TagManager.asset
  artifactKey: Guid(00000000000000003000000000000000) Importer(815301076,1909f56bfc062723c751e8b465ee728b)
Start importing ProjectSettings/TagManager.asset using Guid(00000000000000003000000000000000) Importer(815301076,1909f56bfc062723c751e8b465ee728b)  -> (artifact id: '95df672b4aaba54310d34c83eef51bb8') in 0.019142 seconds 
  Import took 0.026450 seconds .

========================================================================
Received Import Request.
  Time since last request: 100.616702 seconds.
  path: Assets/Sprites/Pixel Shooter and Towers/characters/1.png
  artifactKey: Guid(5bbea99448feb9f46903e1ebc6ef76fb) Importer(815301076,1909f56bfc062723c751e8b465ee728b)
Start importing Assets/Sprites/Pixel Shooter and Towers/characters/1.png using Guid(5bbea99448feb9f46903e1ebc6ef76fb) Importer(815301076,1909f56bfc062723c751e8b465ee728b)  -> (artifact id: '2b08de3ef23cf95026e9f4b662ec2e53') in 0.175842 seconds 
  Import took 0.181582 seconds .

========================================================================
Received Import Request.
  Time since last request: 2.542796 seconds.
  path: Assets/Sprites/Pixel Shooter and Towers/characters/3_side_up.png
  artifactKey: Guid(a222d1f255341ab4e88b8034e225942a) Importer(815301076,1909f56bfc062723c751e8b465ee728b)
Start importing Assets/Sprites/Pixel Shooter and Towers/characters/3_side_up.png using Guid(a222d1f255341ab4e88b8034e225942a) Importer(815301076,1909f56bfc062723c751e8b465ee728b)  -> (artifact id: 'edf5c6d40e61249da6042d155462238c') in 0.030356 seconds 
  Import took 0.035860 seconds .

========================================================================
Received Import Request.
  Time since last request: 0.007225 seconds.
  path: Assets/Sprites/Pixel Shooter and Towers/characters/3_side_up.png
  artifactKey: Guid(a222d1f255341ab4e88b8034e225942a) Importer(815301076,1909f56bfc062723c751e8b465ee728b)
Start importing Assets/Sprites/Pixel Shooter and Towers/characters/3_side_up.png using Guid(a222d1f255341ab4e88b8034e225942a) Importer(815301076,1909f56bfc062723c751e8b465ee728b)  -> (artifact id: 'edf5c6d40e61249da6042d155462238c') in 0.016183 seconds 
  Import took 0.021371 seconds .

========================================================================
Received Import Request.
  Time since last request: 5.513228 seconds.
  path: Assets/Sprites/Pixel Shooter and Towers/characters/3_side_up.png
  artifactKey: Guid(a222d1f255341ab4e88b8034e225942a) Importer(815301076,1909f56bfc062723c751e8b465ee728b)
Start importing Assets/Sprites/Pixel Shooter and Towers/characters/3_side_up.png using Guid(a222d1f255341ab4e88b8034e225942a) Importer(815301076,1909f56bfc062723c751e8b465ee728b)  -> (artifact id: '5f02b6f7aa3a8d54cb4d9e447d8688ab') in 0.017666 seconds 
  Import took 0.022865 seconds .

========================================================================
Received Import Request.
  Time since last request: 36.631095 seconds.
  path: Assets/Sprites/Pixel Shooter and Towers/characters/3_side_up.png
  artifactKey: Guid(a222d1f255341ab4e88b8034e225942a) Importer(815301076,1909f56bfc062723c751e8b465ee728b)
Start importing Assets/Sprites/Pixel Shooter and Towers/characters/3_side_up.png using Guid(a222d1f255341ab4e88b8034e225942a) Importer(815301076,1909f56bfc062723c751e8b465ee728b)  -> (artifact id: '650a1f44930aa5adb2edbb776bcdd9ab') in 0.022636 seconds 
  Import took 0.028589 seconds .

========================================================================
Received Import Request.
  Time since last request: 43.574750 seconds.
  path: Assets/Sprites/Pixel Shooter and Towers/characters/2_down.png
  artifactKey: Guid(fc695d93bbd59c84e9bed6413c9005a8) Importer(815301076,1909f56bfc062723c751e8b465ee728b)
Start importing Assets/Sprites/Pixel Shooter and Towers/characters/2_down.png using Guid(fc695d93bbd59c84e9bed6413c9005a8) Importer(815301076,1909f56bfc062723c751e8b465ee728b)  -> (artifact id: 'e21dc9df3070a445a4aee8ff69d02523') in 0.072650 seconds 
  Import took 0.080586 seconds .

========================================================================
Received Import Request.
  Time since last request: 4.669090 seconds.
  path: Assets/Sprites/Pixel Shooter and Towers/characters/2_down.png
  artifactKey: Guid(fc695d93bbd59c84e9bed6413c9005a8) Importer(815301076,1909f56bfc062723c751e8b465ee728b)
Start importing Assets/Sprites/Pixel Shooter and Towers/characters/2_down.png using Guid(fc695d93bbd59c84e9bed6413c9005a8) Importer(815301076,1909f56bfc062723c751e8b465ee728b)  -> (artifact id: '22dc125745439b837614a2e0f58f8dc8') in 0.018437 seconds 
  Import took 0.024435 seconds .

========================================================================
Received Import Request.
  Time since last request: 63.438877 seconds.
  path: Assets/Sprites/Pixel Shooter and Towers/characters/2_down.png
  artifactKey: Guid(fc695d93bbd59c84e9bed6413c9005a8) Importer(815301076,1909f56bfc062723c751e8b465ee728b)
Start importing Assets/Sprites/Pixel Shooter and Towers/characters/2_down.png using Guid(fc695d93bbd59c84e9bed6413c9005a8) Importer(815301076,1909f56bfc062723c751e8b465ee728b)  -> (artifact id: '9db33275d9e1519a59109b429af659d6') in 0.063361 seconds 
  Import took 0.067845 seconds .

========================================================================
Received Import Request.
  Time since last request: 14.681949 seconds.
  path: Assets/Sprites/Pixel Shooter and Towers/characters/2_down_empty.png
  artifactKey: Guid(94d0e19d14082ab49bef83cb10ff6202) Importer(815301076,1909f56bfc062723c751e8b465ee728b)
Start importing Assets/Sprites/Pixel Shooter and Towers/characters/2_down_empty.png using Guid(94d0e19d14082ab49bef83cb10ff6202) Importer(815301076,1909f56bfc062723c751e8b465ee728b)  -> (artifact id: 'f09ba76304cbe485b33d3cc878961f44') in 0.030507 seconds 
  Import took 0.037269 seconds .

========================================================================
Received Import Request.
  Time since last request: 1.066520 seconds.
  path: Assets/Sprites/Pixel Shooter and Towers/characters/2_side.png
  artifactKey: Guid(552b26a9da031b24f9d8c731c69a6282) Importer(815301076,1909f56bfc062723c751e8b465ee728b)
Start importing Assets/Sprites/Pixel Shooter and Towers/characters/2_side.png using Guid(552b26a9da031b24f9d8c731c69a6282) Importer(815301076,1909f56bfc062723c751e8b465ee728b)  -> (artifact id: 'b92dbdc6cb330431cca44582ecddccab') in 0.022860 seconds 
  Import took 0.030801 seconds .

========================================================================
Received Import Request.
  Time since last request: 0.008175 seconds.
  path: Assets/Sprites/Pixel Shooter and Towers/characters/2_side.png
  artifactKey: Guid(552b26a9da031b24f9d8c731c69a6282) Importer(815301076,1909f56bfc062723c751e8b465ee728b)
Start importing Assets/Sprites/Pixel Shooter and Towers/characters/2_side.png using Guid(552b26a9da031b24f9d8c731c69a6282) Importer(815301076,1909f56bfc062723c751e8b465ee728b)  -> (artifact id: 'b92dbdc6cb330431cca44582ecddccab') in 0.013011 seconds 
  Import took 0.018816 seconds .

========================================================================
Received Import Request.
  Time since last request: 26.331782 seconds.
  path: Assets/Sprites/Pixel Shooter and Towers/characters/2_side.png
  artifactKey: Guid(552b26a9da031b24f9d8c731c69a6282) Importer(815301076,1909f56bfc062723c751e8b465ee728b)
Start importing Assets/Sprites/Pixel Shooter and Towers/characters/2_side.png using Guid(552b26a9da031b24f9d8c731c69a6282) Importer(815301076,1909f56bfc062723c751e8b465ee728b)  -> (artifact id: 'e5fd1ca670dda888c9a1a0abac954e69') in 0.068937 seconds 
  Import took 0.074517 seconds .

========================================================================
Received Import Request.
  Time since last request: 15.795414 seconds.
  path: Assets/Sprites/Pixel Shooter and Towers/characters/2_side_down.png
  artifactKey: Guid(5fca0a5cc10059b489469312f857276b) Importer(815301076,1909f56bfc062723c751e8b465ee728b)
Start importing Assets/Sprites/Pixel Shooter and Towers/characters/2_side_down.png using Guid(5fca0a5cc10059b489469312f857276b) Importer(815301076,1909f56bfc062723c751e8b465ee728b)  -> (artifact id: '62dfe004876a21c495645076ba82a02e') in 0.023722 seconds 
  Import took 0.032332 seconds .

========================================================================
Received Import Request.
  Time since last request: 0.001085 seconds.
  path: Assets/Sprites/Pixel Shooter and Towers/characters/2_side_down.png
  artifactKey: Guid(5fca0a5cc10059b489469312f857276b) Importer(815301076,1909f56bfc062723c751e8b465ee728b)
Start importing Assets/Sprites/Pixel Shooter and Towers/characters/2_side_down.png using Guid(5fca0a5cc10059b489469312f857276b) Importer(815301076,1909f56bfc062723c751e8b465ee728b)  -> (artifact id: '62dfe004876a21c495645076ba82a02e') in 0.010808 seconds 
  Import took 0.019729 seconds .

========================================================================
Received Import Request.
  Time since last request: 4.634251 seconds.
  path: Assets/Sprites/Pixel Shooter and Towers/characters/2_side_down.png
  artifactKey: Guid(5fca0a5cc10059b489469312f857276b) Importer(815301076,1909f56bfc062723c751e8b465ee728b)
Start importing Assets/Sprites/Pixel Shooter and Towers/characters/2_side_down.png using Guid(5fca0a5cc10059b489469312f857276b) Importer(815301076,1909f56bfc062723c751e8b465ee728b)  -> (artifact id: '9379b13f3d9e91fcef6973f3376430fb') in 0.051348 seconds 
  Import took 0.057375 seconds .

========================================================================
Received Import Request.
  Time since last request: 6.975497 seconds.
  path: Assets/Sprites/Pixel Shooter and Towers/characters/2_side_up.png
  artifactKey: Guid(cef93bf99319fad4aa9e2eeae1fb03b0) Importer(815301076,1909f56bfc062723c751e8b465ee728b)
Start importing Assets/Sprites/Pixel Shooter and Towers/characters/2_side_up.png using Guid(cef93bf99319fad4aa9e2eeae1fb03b0) Importer(815301076,1909f56bfc062723c751e8b465ee728b)  -> (artifact id: 'b7c53bace63ec506538de4d7cfb66d96') in 0.024931 seconds 
  Import took 0.033235 seconds .

========================================================================
Received Import Request.
  Time since last request: 0.003789 seconds.
  path: Assets/Sprites/Pixel Shooter and Towers/characters/2_side_up.png
  artifactKey: Guid(cef93bf99319fad4aa9e2eeae1fb03b0) Importer(815301076,1909f56bfc062723c751e8b465ee728b)
Start importing Assets/Sprites/Pixel Shooter and Towers/characters/2_side_up.png using Guid(cef93bf99319fad4aa9e2eeae1fb03b0) Importer(815301076,1909f56bfc062723c751e8b465ee728b)  -> (artifact id: 'b7c53bace63ec506538de4d7cfb66d96') in 0.012018 seconds 
  Import took 0.017515 seconds .

========================================================================
Received Import Request.
  Time since last request: 4.482124 seconds.
  path: Assets/Sprites/Pixel Shooter and Towers/characters/2_side_up.png
  artifactKey: Guid(cef93bf99319fad4aa9e2eeae1fb03b0) Importer(815301076,1909f56bfc062723c751e8b465ee728b)
Start importing Assets/Sprites/Pixel Shooter and Towers/characters/2_side_up.png using Guid(cef93bf99319fad4aa9e2eeae1fb03b0) Importer(815301076,1909f56bfc062723c751e8b465ee728b)  -> (artifact id: '7f7d71595a51f9851911cf3739c3b155') in 0.057875 seconds 
  Import took 0.063316 seconds .

========================================================================
Received Import Request.
  Time since last request: 14.154644 seconds.
  path: Assets/Sprites/Pixel Shooter and Towers/characters/2_up.png
  artifactKey: Guid(3ed3dce8a176d764f9955ac54cfaccd3) Importer(815301076,1909f56bfc062723c751e8b465ee728b)
Start importing Assets/Sprites/Pixel Shooter and Towers/characters/2_up.png using Guid(3ed3dce8a176d764f9955ac54cfaccd3) Importer(815301076,1909f56bfc062723c751e8b465ee728b)  -> (artifact id: '55da1028c2d06ef5d1c60097c5014c75') in 0.033154 seconds 
  Import took 0.042022 seconds .

========================================================================
Received Import Request.
  Time since last request: 0.001258 seconds.
  path: Assets/Sprites/Pixel Shooter and Towers/characters/2_up.png
  artifactKey: Guid(3ed3dce8a176d764f9955ac54cfaccd3) Importer(815301076,1909f56bfc062723c751e8b465ee728b)
Start importing Assets/Sprites/Pixel Shooter and Towers/characters/2_up.png using Guid(3ed3dce8a176d764f9955ac54cfaccd3) Importer(815301076,1909f56bfc062723c751e8b465ee728b)  -> (artifact id: '55da1028c2d06ef5d1c60097c5014c75') in 0.011480 seconds 
  Import took 0.016814 seconds .

========================================================================
Received Import Request.
  Time since last request: 3.844253 seconds.
  path: Assets/Sprites/Pixel Shooter and Towers/characters/2_up.png
  artifactKey: Guid(3ed3dce8a176d764f9955ac54cfaccd3) Importer(815301076,1909f56bfc062723c751e8b465ee728b)
Start importing Assets/Sprites/Pixel Shooter and Towers/characters/2_up.png using Guid(3ed3dce8a176d764f9955ac54cfaccd3) Importer(815301076,1909f56bfc062723c751e8b465ee728b)  -> (artifact id: 'd4535bbbe37990b504dc225c885889cb') in 0.056543 seconds 
  Import took 0.063770 seconds .

========================================================================
Received Import Request.
  Time since last request: 386.265593 seconds.
  path: Assets/Animations
  artifactKey: Guid(130ddc2b81f9f8c47907f18a32a5f047) Importer(815301076,1909f56bfc062723c751e8b465ee728b)
Start importing Assets/Animations using Guid(130ddc2b81f9f8c47907f18a32a5f047) Importer(815301076,1909f56bfc062723c751e8b465ee728b)  -> (artifact id: '388bf5afbe7de226bd829f8fe7961bd0') in 0.019204 seconds 
  Import took 0.027605 seconds .

========================================================================
Received Import Request.
  Time since last request: 16.628466 seconds.
  path: Assets/Animations/Player Animations
  artifactKey: Guid(037f889e675f4c9458c6cefe8c0d0c20) Importer(815301076,1909f56bfc062723c751e8b465ee728b)
Start importing Assets/Animations/Player Animations using Guid(037f889e675f4c9458c6cefe8c0d0c20) Importer(815301076,1909f56bfc062723c751e8b465ee728b)  -> (artifact id: '5198c2860e9dc28fa4a37be257ee6a2a') in 0.015230 seconds 
  Import took 0.022270 seconds .

========================================================================
Received Import Request.
  Time since last request: 20.832678 seconds.
  path: Assets/Animations/Player Animations/New Animator Controller.controller
  artifactKey: Guid(ef0549c1bc92cde4da77397b8019dac7) Importer(815301076,1909f56bfc062723c751e8b465ee728b)
Start importing Assets/Animations/Player Animations/New Animator Controller.controller using Guid(ef0549c1bc92cde4da77397b8019dac7) Importer(815301076,1909f56bfc062723c751e8b465ee728b)  -> (artifact id: '5742d2ef40b248fbd80eda4a0a9117ef') in 0.058276 seconds 
  Import took 0.065113 seconds .

========================================================================
Received Import Request.
  Time since last request: 6.515826 seconds.
  path: Assets/Animations/Player Animations/Player Controller.controller
  artifactKey: Guid(ef0549c1bc92cde4da77397b8019dac7) Importer(815301076,1909f56bfc062723c751e8b465ee728b)
Start importing Assets/Animations/Player Animations/Player Controller.controller using Guid(ef0549c1bc92cde4da77397b8019dac7) Importer(815301076,1909f56bfc062723c751e8b465ee728b)  -> (artifact id: '78569b17c4f7f12e5316ea61c55f2c7c') in 0.016528 seconds 
  Import took 0.024559 seconds .

========================================================================
Received Import Request.
  Time since last request: 34.288832 seconds.
  path: Assets/Animations/Player Animations/Player 2 Controller.controller
  artifactKey: Guid(ef0549c1bc92cde4da77397b8019dac7) Importer(815301076,1909f56bfc062723c751e8b465ee728b)
Start importing Assets/Animations/Player Animations/Player 2 Controller.controller using Guid(ef0549c1bc92cde4da77397b8019dac7) Importer(815301076,1909f56bfc062723c751e8b465ee728b)  -> (artifact id: '00134e0a1286741195d120a9bdfd8d18') in 0.017847 seconds 
  Import took 0.028284 seconds .

========================================================================
Received Prepare
Registering precompiled user dll's ...
Registered in 0.020951 seconds.
Begin MonoManager ReloadAssembly
Native extension for WindowsStandalone target not found
Native extension for WebGL target not found
Refreshing native plugins compatible for Editor in 0.77 ms, found 3 plugins.
Preloading 0 native plugins for Editor in 0.00 ms.
Mono: successfully reloaded assembly
- Completed reload, in  2.022 seconds
Domain Reload Profiling:
	ReloadAssembly (2026ms)
		BeginReloadAssembly (517ms)
			ExecutionOrderSort (0ms)
			DisableScriptedObjects (50ms)
			BackupInstance (0ms)
			ReleaseScriptingObjects (0ms)
			CreateAndSetChildDomain (303ms)
		EndReloadAssembly (1420ms)
			LoadAssemblies (170ms)
			RebuildTransferFunctionScriptingTraits (0ms)
			SetupTypeCache (438ms)
			ReleaseScriptCaches (1ms)
			RebuildScriptCaches (55ms)
			SetupLoadedEditorAssemblies (624ms)
				LogAssemblyErrors (0ms)
				InitializePlatformSupportModulesInManaged (10ms)
				SetLoadedEditorAssemblies (1ms)
				RefreshPlugins (1ms)
				BeforeProcessingInitializeOnLoad (137ms)
				ProcessInitializeOnLoadAttributes (460ms)
				ProcessInitializeOnLoadMethodAttributes (6ms)
				AfterProcessingInitializeOnLoad (8ms)
				EditorAssembliesLoaded (0ms)
			ExecutionOrderSort2 (0ms)
			AwakeInstancesAfterBackupRestoration (15ms)
Platform modules already initialized, skipping
Refreshing native plugins compatible for Editor in 1.06 ms, found 3 plugins.
Preloading 0 native plugins for Editor in 0.00 ms.
Unloading 2081 Unused Serialized files (Serialized files now loaded: 0)
System memory in use before: 95.7 MB.
System memory in use after: 95.8 MB.

Unloading 17 unused Assets to reduce memory usage. Loaded Objects now: 2560.
Total: 5.091700 ms (FindLiveObjects: 0.340300 ms CreateObjectMapping: 0.105200 ms MarkObjects: 4.562500 ms  DeleteObjects: 0.082500 ms)

AssetImportParameters requested are different than current active one (requested -> active):
  custom:framework-win-MediaFoundation: 216162199b28c13a410421893ffa2e32 -> 
  custom:video-decoder-ogg-theora: a1e56fd34408186e4bbccfd4996cb3dc -> 
  custom:container-muxer-webm: aa71ff27fc2769a1b78a27578f13a17b -> 
  custom:container-demuxer-webm: 4f35f7cbe854078d1ac9338744f61a02 -> 
  custom:container-demuxer-ogg: 62fdf1f143b41e24485cea50d1cbac27 -> 
  custom:video-encoder-webm-vp8: eb34c28f22e8b96e1ab97ce403110664 -> 
  custom:video-decoder-webm-vp8: 9c59270c3fd7afecdb556c50c9e8de78 -> 
  custom:audio-decoder-ogg-vorbis: bf7c407c2cedff20999df2af8eb42d56 -> 
  custom:audio-encoder-webm-vorbis: bf7c407c2cedff20999df2af8eb42d56 -> 
========================================================================
Received Import Request.
  Time since last request: 5799.769805 seconds.
  path: Assets/Animations/Player Animations/player_1_down.anim
  artifactKey: Guid(c5faca667ae5254458ac5809a09d1704) Importer(815301076,1909f56bfc062723c751e8b465ee728b)
Start importing Assets/Animations/Player Animations/player_1_down.anim using Guid(c5faca667ae5254458ac5809a09d1704) Importer(815301076,1909f56bfc062723c751e8b465ee728b)  -> (artifact id: '30d31605372b432ed1e6ec5672befa95') in 0.219554 seconds 
  Import took 0.286216 seconds .

========================================================================
Received Import Request.
  Time since last request: 4.654371 seconds.
  path: Assets/Animations/Player Animations/player_1_up.anim
  artifactKey: Guid(e07c374bbdad20642b9127262c6a1694) Importer(815301076,1909f56bfc062723c751e8b465ee728b)
Start importing Assets/Animations/Player Animations/player_1_up.anim using Guid(e07c374bbdad20642b9127262c6a1694) Importer(815301076,1909f56bfc062723c751e8b465ee728b)  -> (artifact id: 'e8bf4fa3c3293bb61aeccd9c31a50f31') in 0.019151 seconds 
  Import took 0.025679 seconds .

========================================================================
Received Import Request.
  Time since last request: 0.004838 seconds.
  path: Assets/Animations/Player Animations/player_1_up.anim
  artifactKey: Guid(e07c374bbdad20642b9127262c6a1694) Importer(815301076,1909f56bfc062723c751e8b465ee728b)
Start importing Assets/Animations/Player Animations/player_1_up.anim using Guid(e07c374bbdad20642b9127262c6a1694) Importer(815301076,1909f56bfc062723c751e8b465ee728b)  -> (artifact id: 'e8bf4fa3c3293bb61aeccd9c31a50f31') in 0.006519 seconds 
  Import took 0.013232 seconds .

========================================================================
Received Import Request.
  Time since last request: 5.288167 seconds.
  path: Assets/Animations/Player Animations/player_1_side.anim
  artifactKey: Guid(1f4ed96598cf17a4bbba2e1ec4e9d0ec) Importer(815301076,1909f56bfc062723c751e8b465ee728b)
Start importing Assets/Animations/Player Animations/player_1_side.anim using Guid(1f4ed96598cf17a4bbba2e1ec4e9d0ec) Importer(815301076,1909f56bfc062723c751e8b465ee728b)  -> (artifact id: '8c673bd177124ea2394b2f1c6203325d') in 0.013373 seconds 
  Import took 0.022400 seconds .

========================================================================
Received Import Request.
  Time since last request: 0.004054 seconds.
  path: Assets/Animations/Player Animations/player_1_side.anim
  artifactKey: Guid(1f4ed96598cf17a4bbba2e1ec4e9d0ec) Importer(815301076,1909f56bfc062723c751e8b465ee728b)
Start importing Assets/Animations/Player Animations/player_1_side.anim using Guid(1f4ed96598cf17a4bbba2e1ec4e9d0ec) Importer(815301076,1909f56bfc062723c751e8b465ee728b)  -> (artifact id: '8c673bd177124ea2394b2f1c6203325d') in 0.004914 seconds 
  Import took 0.012785 seconds .

========================================================================
Received Import Request.
  Time since last request: 0.873240 seconds.
  path: Assets/Animations/Player Animations/player_1_side_down.anim
  artifactKey: Guid(8d7fca56f89c8cb48a3c666e16068946) Importer(815301076,1909f56bfc062723c751e8b465ee728b)
Start importing Assets/Animations/Player Animations/player_1_side_down.anim using Guid(8d7fca56f89c8cb48a3c666e16068946) Importer(815301076,1909f56bfc062723c751e8b465ee728b)  -> (artifact id: '61205682d7a6a3b95edcce9c49bba2ad') in 0.013802 seconds 
  Import took 0.019476 seconds .

========================================================================
Received Import Request.
  Time since last request: 1.343118 seconds.
  path: Assets/Animations/Player Animations/player_1_side_up.anim
  artifactKey: Guid(3f7f06cb88aa85d40bbe8b7a319a5a77) Importer(815301076,1909f56bfc062723c751e8b465ee728b)
Start importing Assets/Animations/Player Animations/player_1_side_up.anim using Guid(3f7f06cb88aa85d40bbe8b7a319a5a77) Importer(815301076,1909f56bfc062723c751e8b465ee728b)  -> (artifact id: '2b53512109e6e10037d0762fa8c8d21f') in 0.013293 seconds 
  Import took 0.018703 seconds .

========================================================================
Received Import Request.
  Time since last request: 172.608144 seconds.
  path: Assets/Scripts
  artifactKey: Guid(3c6cbb4c0091e8b408d29117bac0ea51) Importer(815301076,1909f56bfc062723c751e8b465ee728b)
Start importing Assets/Scripts using Guid(3c6cbb4c0091e8b408d29117bac0ea51) Importer(815301076,1909f56bfc062723c751e8b465ee728b)  -> (artifact id: 'ca310cbff94d9a731fb8632d2ceeb926') in 0.011140 seconds 
  Import took 0.015980 seconds .

========================================================================
Received Import Request.
  Time since last request: 10.108890 seconds.
  path: Assets/Scripts/Player Scripts
  artifactKey: Guid(c380f0446c8c70b499815d9a1c449a98) Importer(815301076,1909f56bfc062723c751e8b465ee728b)
Start importing Assets/Scripts/Player Scripts using Guid(c380f0446c8c70b499815d9a1c449a98) Importer(815301076,1909f56bfc062723c751e8b465ee728b)  -> (artifact id: '5c4cbea7f31a85e8dbf6fb65eb3479be') in 0.013461 seconds 
  Import took 0.021056 seconds .

========================================================================
Received Prepare
Registering precompiled user dll's ...
Registered in 0.102033 seconds.
Begin MonoManager ReloadAssembly
Native extension for WindowsStandalone target not found
Native extension for WebGL target not found
Refreshing native plugins compatible for Editor in 4.41 ms, found 3 plugins.
Preloading 0 native plugins for Editor in 0.00 ms.
Mono: successfully reloaded assembly
- Completed reload, in  2.924 seconds
Domain Reload Profiling:
	ReloadAssembly (2931ms)
		BeginReloadAssembly (523ms)
			ExecutionOrderSort (0ms)
			DisableScriptedObjects (41ms)
			BackupInstance (0ms)
			ReleaseScriptingObjects (0ms)
			CreateAndSetChildDomain (201ms)
		EndReloadAssembly (2214ms)
			LoadAssemblies (344ms)
			RebuildTransferFunctionScriptingTraits (0ms)
			SetupTypeCache (692ms)
			ReleaseScriptCaches (1ms)
			RebuildScriptCaches (124ms)
			SetupLoadedEditorAssemblies (895ms)
				LogAssemblyErrors (0ms)
				InitializePlatformSupportModulesInManaged (20ms)
				SetLoadedEditorAssemblies (4ms)
				RefreshPlugins (5ms)
				BeforeProcessingInitializeOnLoad (203ms)
				ProcessInitializeOnLoadAttributes (637ms)
				ProcessInitializeOnLoadMethodAttributes (12ms)
				AfterProcessingInitializeOnLoad (14ms)
				EditorAssembliesLoaded (0ms)
			ExecutionOrderSort2 (0ms)
			AwakeInstancesAfterBackupRestoration (19ms)
Platform modules already initialized, skipping
Refreshing native plugins compatible for Editor in 0.88 ms, found 3 plugins.
Preloading 0 native plugins for Editor in 0.00 ms.
Unloading 2082 Unused Serialized files (Serialized files now loaded: 0)
System memory in use before: 95.8 MB.
System memory in use after: 95.9 MB.

Unloading 16 unused Assets to reduce memory usage. Loaded Objects now: 2564.
Total: 5.186800 ms (FindLiveObjects: 0.330000 ms CreateObjectMapping: 0.139100 ms MarkObjects: 4.681700 ms  DeleteObjects: 0.034400 ms)

AssetImportParameters requested are different than current active one (requested -> active):
  custom:framework-win-MediaFoundation: 216162199b28c13a410421893ffa2e32 -> 
  custom:video-decoder-ogg-theora: a1e56fd34408186e4bbccfd4996cb3dc -> 
  custom:container-muxer-webm: aa71ff27fc2769a1b78a27578f13a17b -> 
  custom:container-demuxer-webm: 4f35f7cbe854078d1ac9338744f61a02 -> 
  custom:container-demuxer-ogg: 62fdf1f143b41e24485cea50d1cbac27 -> 
  custom:video-encoder-webm-vp8: eb34c28f22e8b96e1ab97ce403110664 -> 
  custom:video-decoder-webm-vp8: 9c59270c3fd7afecdb556c50c9e8de78 -> 
  custom:audio-decoder-ogg-vorbis: bf7c407c2cedff20999df2af8eb42d56 -> 
  custom:audio-encoder-webm-vorbis: bf7c407c2cedff20999df2af8eb42d56 -> 
========================================================================
Received Import Request.
  Time since last request: 52.496088 seconds.
  path: Assets/Scripts/Player Scripts/CharacterMovement.cs
  artifactKey: Guid(8a1f2e34ad0fecc4e946908911fa031f) Importer(815301076,1909f56bfc062723c751e8b465ee728b)
Start importing Assets/Scripts/Player Scripts/CharacterMovement.cs using Guid(8a1f2e34ad0fecc4e946908911fa031f) Importer(815301076,1909f56bfc062723c751e8b465ee728b)  -> (artifact id: '4d0ab9d1139682e4b8de9b79f47a3dce') in 0.020315 seconds 
  Import took 0.024980 seconds .

========================================================================
Received Import Request.
  Time since last request: 921.701679 seconds.
  path: Assets/Scripts/TagManager
  artifactKey: Guid(2494869d44342704882ceb419719750f) Importer(815301076,1909f56bfc062723c751e8b465ee728b)
Start importing Assets/Scripts/TagManager using Guid(2494869d44342704882ceb419719750f) Importer(815301076,1909f56bfc062723c751e8b465ee728b)  -> (artifact id: 'ddd2736662b75c2bef29378fc026ba5b') in 0.006587 seconds 
  Import took 0.014923 seconds .

========================================================================
Received Import Request.
  Time since last request: 21.697467 seconds.
  path: Assets/Scripts/TagManager/TagManager.cs
  artifactKey: Guid(9d60ccc3ec9b3c440b7182cdf2d16385) Importer(815301076,1909f56bfc062723c751e8b465ee728b)
Start importing Assets/Scripts/TagManager/TagManager.cs using Guid(9d60ccc3ec9b3c440b7182cdf2d16385) Importer(815301076,1909f56bfc062723c751e8b465ee728b)  -> (artifact id: 'd096b34bf38d51afd6e87b75b7ffde8b') in 0.004598 seconds 
  Import took 0.014162 seconds .

========================================================================
Received Prepare
Registering precompiled user dll's ...
Registered in 0.015971 seconds.
Begin MonoManager ReloadAssembly
Native extension for WindowsStandalone target not found
Native extension for WebGL target not found
Refreshing native plugins compatible for Editor in 0.83 ms, found 3 plugins.
Preloading 0 native plugins for Editor in 0.00 ms.
Mono: successfully reloaded assembly
- Completed reload, in  1.909 seconds
Domain Reload Profiling:
	ReloadAssembly (1912ms)
		BeginReloadAssembly (197ms)
			ExecutionOrderSort (0ms)
			DisableScriptedObjects (10ms)
			BackupInstance (0ms)
			ReleaseScriptingObjects (0ms)
			CreateAndSetChildDomain (57ms)
		EndReloadAssembly (1615ms)
			LoadAssemblies (297ms)
			RebuildTransferFunctionScriptingTraits (0ms)
			SetupTypeCache (525ms)
			ReleaseScriptCaches (2ms)
			RebuildScriptCaches (74ms)
			SetupLoadedEditorAssemblies (582ms)
				LogAssemblyErrors (0ms)
				InitializePlatformSupportModulesInManaged (7ms)
				SetLoadedEditorAssemblies (1ms)
				RefreshPlugins (1ms)
				BeforeProcessingInitializeOnLoad (137ms)
				ProcessInitializeOnLoadAttributes (416ms)
				ProcessInitializeOnLoadMethodAttributes (11ms)
				AfterProcessingInitializeOnLoad (10ms)
				EditorAssembliesLoaded (0ms)
			ExecutionOrderSort2 (0ms)
			AwakeInstancesAfterBackupRestoration (16ms)
Platform modules already initialized, skipping
Refreshing native plugins compatible for Editor in 0.88 ms, found 3 plugins.
Preloading 0 native plugins for Editor in 0.00 ms.
Unloading 2083 Unused Serialized files (Serialized files now loaded: 0)
System memory in use before: 95.8 MB.
System memory in use after: 96.0 MB.

Unloading 16 unused Assets to reduce memory usage. Loaded Objects now: 2568.
Total: 9.435200 ms (FindLiveObjects: 0.608500 ms CreateObjectMapping: 0.275800 ms MarkObjects: 7.667600 ms  DeleteObjects: 0.881400 ms)

AssetImportParameters requested are different than current active one (requested -> active):
  custom:framework-win-MediaFoundation: 216162199b28c13a410421893ffa2e32 -> 
  custom:video-decoder-ogg-theora: a1e56fd34408186e4bbccfd4996cb3dc -> 
  custom:container-muxer-webm: aa71ff27fc2769a1b78a27578f13a17b -> 
  custom:container-demuxer-webm: 4f35f7cbe854078d1ac9338744f61a02 -> 
  custom:container-demuxer-ogg: 62fdf1f143b41e24485cea50d1cbac27 -> 
  custom:video-encoder-webm-vp8: eb34c28f22e8b96e1ab97ce403110664 -> 
  custom:video-decoder-webm-vp8: 9c59270c3fd7afecdb556c50c9e8de78 -> 
  custom:audio-decoder-ogg-vorbis: bf7c407c2cedff20999df2af8eb42d56 -> 
  custom:audio-encoder-webm-vorbis: bf7c407c2cedff20999df2af8eb42d56 -> 
========================================================================
Received Import Request.
  Time since last request: 773.441135 seconds.
  path: Assets/Scripts/TagManager/TagManager.cs
  artifactKey: Guid(9d60ccc3ec9b3c440b7182cdf2d16385) Importer(815301076,1909f56bfc062723c751e8b465ee728b)
Start importing Assets/Scripts/TagManager/TagManager.cs using Guid(9d60ccc3ec9b3c440b7182cdf2d16385) Importer(815301076,1909f56bfc062723c751e8b465ee728b)  -> (artifact id: 'fd0f679e64edc0d5077b572e50f16526') in 0.013482 seconds 
  Import took 0.024887 seconds .

========================================================================
Received Import Request.
  Time since last request: 32.073679 seconds.
  path: ProjectSettings/TagManager.asset
  artifactKey: Guid(00000000000000003000000000000000) Importer(815301076,1909f56bfc062723c751e8b465ee728b)
Start importing ProjectSettings/TagManager.asset using Guid(00000000000000003000000000000000) Importer(815301076,1909f56bfc062723c751e8b465ee728b)  -> (artifact id: '5d1a5b3f924356e2de3f47446b6d762e') in 0.036786 seconds 
  Import took 0.047205 seconds .

========================================================================
Received Import Request.
  Time since last request: 0.001164 seconds.
  path: ProjectSettings/TagManager.asset
  artifactKey: Guid(00000000000000003000000000000000) Importer(815301076,1909f56bfc062723c751e8b465ee728b)
Start importing ProjectSettings/TagManager.asset using Guid(00000000000000003000000000000000) Importer(815301076,1909f56bfc062723c751e8b465ee728b)  -> (artifact id: '5d1a5b3f924356e2de3f47446b6d762e') in 0.006770 seconds 
  Import took 0.014316 seconds .

========================================================================
Received Prepare
Registering precompiled user dll's ...
Registered in 0.006873 seconds.
Begin MonoManager ReloadAssembly
Native extension for WindowsStandalone target not found
Native extension for WebGL target not found
Refreshing native plugins compatible for Editor in 0.63 ms, found 3 plugins.
Preloading 0 native plugins for Editor in 0.00 ms.
Mono: successfully reloaded assembly
- Completed reload, in  1.654 seconds
Domain Reload Profiling:
	ReloadAssembly (1654ms)
		BeginReloadAssembly (198ms)
			ExecutionOrderSort (0ms)
			DisableScriptedObjects (9ms)
			BackupInstance (0ms)
			ReleaseScriptingObjects (0ms)
			CreateAndSetChildDomain (84ms)
		EndReloadAssembly (1351ms)
			LoadAssemblies (140ms)
			RebuildTransferFunctionScriptingTraits (0ms)
			SetupTypeCache (433ms)
			ReleaseScriptCaches (1ms)
			RebuildScriptCaches (56ms)
			SetupLoadedEditorAssemblies (583ms)
				LogAssemblyErrors (0ms)
				InitializePlatformSupportModulesInManaged (9ms)
				SetLoadedEditorAssemblies (1ms)
				RefreshPlugins (1ms)
				BeforeProcessingInitializeOnLoad (159ms)
				ProcessInitializeOnLoadAttributes (397ms)
				ProcessInitializeOnLoadMethodAttributes (7ms)
				AfterProcessingInitializeOnLoad (9ms)
				EditorAssembliesLoaded (0ms)
			ExecutionOrderSort2 (0ms)
			AwakeInstancesAfterBackupRestoration (16ms)
Platform modules already initialized, skipping
Refreshing native plugins compatible for Editor in 0.74 ms, found 3 plugins.
Preloading 0 native plugins for Editor in 0.00 ms.
Unloading 2083 Unused Serialized files (Serialized files now loaded: 0)
System memory in use before: 95.9 MB.
System memory in use after: 96.0 MB.

Unloading 18 unused Assets to reduce memory usage. Loaded Objects now: 2571.
Total: 7.247800 ms (FindLiveObjects: 0.312200 ms CreateObjectMapping: 0.099000 ms MarkObjects: 5.093300 ms  DeleteObjects: 1.741600 ms)

AssetImportParameters requested are different than current active one (requested -> active):
  custom:framework-win-MediaFoundation: 216162199b28c13a410421893ffa2e32 -> 
  custom:video-decoder-ogg-theora: a1e56fd34408186e4bbccfd4996cb3dc -> 
  custom:container-muxer-webm: aa71ff27fc2769a1b78a27578f13a17b -> 
  custom:container-demuxer-webm: 4f35f7cbe854078d1ac9338744f61a02 -> 
  custom:container-demuxer-ogg: 62fdf1f143b41e24485cea50d1cbac27 -> 
  custom:video-encoder-webm-vp8: eb34c28f22e8b96e1ab97ce403110664 -> 
  custom:video-decoder-webm-vp8: 9c59270c3fd7afecdb556c50c9e8de78 -> 
  custom:audio-decoder-ogg-vorbis: bf7c407c2cedff20999df2af8eb42d56 -> 
  custom:audio-encoder-webm-vorbis: bf7c407c2cedff20999df2af8eb42d56 -> 
========================================================================
Received Import Request.
  Time since last request: 478.890262 seconds.
  path: Assets/Scripts/Player Scripts/PlayerMovement.cs
  artifactKey: Guid(77bf1aceb3b938f42954bc504ce8e338) Importer(815301076,1909f56bfc062723c751e8b465ee728b)
Start importing Assets/Scripts/Player Scripts/PlayerMovement.cs using Guid(77bf1aceb3b938f42954bc504ce8e338) Importer(815301076,1909f56bfc062723c751e8b465ee728b)  -> (artifact id: '4ca2c773d4a81e318a245bd61dd85062') in 0.017887 seconds 
  Import took 0.025561 seconds .

========================================================================
Received Prepare
Registering precompiled user dll's ...
Registered in 0.005669 seconds.
Begin MonoManager ReloadAssembly
Native extension for WindowsStandalone target not found
Native extension for WebGL target not found
Refreshing native plugins compatible for Editor in 0.64 ms, found 3 plugins.
Preloading 0 native plugins for Editor in 0.00 ms.
Mono: successfully reloaded assembly
- Completed reload, in  1.871 seconds
Domain Reload Profiling:
	ReloadAssembly (1872ms)
		BeginReloadAssembly (256ms)
			ExecutionOrderSort (0ms)
			DisableScriptedObjects (18ms)
			BackupInstance (0ms)
			ReleaseScriptingObjects (0ms)
			CreateAndSetChildDomain (87ms)
		EndReloadAssembly (1481ms)
			LoadAssemblies (191ms)
			RebuildTransferFunctionScriptingTraits (0ms)
			SetupTypeCache (618ms)
			ReleaseScriptCaches (1ms)
			RebuildScriptCaches (59ms)
			SetupLoadedEditorAssemblies (513ms)
				LogAssemblyErrors (0ms)
				InitializePlatformSupportModulesInManaged (9ms)
				SetLoadedEditorAssemblies (2ms)
				RefreshPlugins (1ms)
				BeforeProcessingInitializeOnLoad (115ms)
				ProcessInitializeOnLoadAttributes (370ms)
				ProcessInitializeOnLoadMethodAttributes (7ms)
				AfterProcessingInitializeOnLoad (10ms)
				EditorAssembliesLoaded (0ms)
			ExecutionOrderSort2 (0ms)
			AwakeInstancesAfterBackupRestoration (16ms)
Platform modules already initialized, skipping
Refreshing native plugins compatible for Editor in 0.76 ms, found 3 plugins.
Preloading 0 native plugins for Editor in 0.00 ms.
Unloading 2084 Unused Serialized files (Serialized files now loaded: 0)
System memory in use before: 95.9 MB.
System memory in use after: 96.0 MB.

Unloading 16 unused Assets to reduce memory usage. Loaded Objects now: 2575.
Total: 4.892800 ms (FindLiveObjects: 0.818600 ms CreateObjectMapping: 0.125800 ms MarkObjects: 3.844100 ms  DeleteObjects: 0.102600 ms)

AssetImportParameters requested are different than current active one (requested -> active):
  custom:framework-win-MediaFoundation: 216162199b28c13a410421893ffa2e32 -> 
  custom:video-decoder-ogg-theora: a1e56fd34408186e4bbccfd4996cb3dc -> 
  custom:container-muxer-webm: aa71ff27fc2769a1b78a27578f13a17b -> 
  custom:container-demuxer-webm: 4f35f7cbe854078d1ac9338744f61a02 -> 
  custom:container-demuxer-ogg: 62fdf1f143b41e24485cea50d1cbac27 -> 
  custom:video-encoder-webm-vp8: eb34c28f22e8b96e1ab97ce403110664 -> 
  custom:video-decoder-webm-vp8: 9c59270c3fd7afecdb556c50c9e8de78 -> 
  custom:audio-decoder-ogg-vorbis: bf7c407c2cedff20999df2af8eb42d56 -> 
  custom:audio-encoder-webm-vorbis: bf7c407c2cedff20999df2af8eb42d56 -> 
========================================================================
Received Prepare
Registering precompiled user dll's ...
Registered in 0.011679 seconds.
Begin MonoManager ReloadAssembly
Native extension for WindowsStandalone target not found
Native extension for WebGL target not found
Refreshing native plugins compatible for Editor in 0.70 ms, found 3 plugins.
Preloading 0 native plugins for Editor in 0.00 ms.
Mono: successfully reloaded assembly
- Completed reload, in  2.013 seconds
Domain Reload Profiling:
	ReloadAssembly (2013ms)
		BeginReloadAssembly (288ms)
			ExecutionOrderSort (0ms)
			DisableScriptedObjects (14ms)
			BackupInstance (0ms)
			ReleaseScriptingObjects (0ms)
			CreateAndSetChildDomain (73ms)
		EndReloadAssembly (1555ms)
			LoadAssemblies (256ms)
			RebuildTransferFunctionScriptingTraits (0ms)
			SetupTypeCache (560ms)
			ReleaseScriptCaches (2ms)
			RebuildScriptCaches (80ms)
			SetupLoadedEditorAssemblies (567ms)
				LogAssemblyErrors (0ms)
				InitializePlatformSupportModulesInManaged (9ms)
				SetLoadedEditorAssemblies (1ms)
				RefreshPlugins (1ms)
				BeforeProcessingInitializeOnLoad (130ms)
				ProcessInitializeOnLoadAttributes (408ms)
				ProcessInitializeOnLoadMethodAttributes (9ms)
				AfterProcessingInitializeOnLoad (8ms)
				EditorAssembliesLoaded (0ms)
			ExecutionOrderSort2 (0ms)
			AwakeInstancesAfterBackupRestoration (17ms)
Platform modules already initialized, skipping
Refreshing native plugins compatible for Editor in 0.74 ms, found 3 plugins.
Preloading 0 native plugins for Editor in 0.00 ms.
Unloading 2084 Unused Serialized files (Serialized files now loaded: 0)
System memory in use before: 95.9 MB.
System memory in use after: 96.0 MB.

Unloading 16 unused Assets to reduce memory usage. Loaded Objects now: 2578.
Total: 4.039400 ms (FindLiveObjects: 0.243700 ms CreateObjectMapping: 0.085800 ms MarkObjects: 3.629300 ms  DeleteObjects: 0.079500 ms)

AssetImportParameters requested are different than current active one (requested -> active):
  custom:framework-win-MediaFoundation: 216162199b28c13a410421893ffa2e32 -> 
  custom:video-decoder-ogg-theora: a1e56fd34408186e4bbccfd4996cb3dc -> 
  custom:container-muxer-webm: aa71ff27fc2769a1b78a27578f13a17b -> 
  custom:container-demuxer-webm: 4f35f7cbe854078d1ac9338744f61a02 -> 
  custom:container-demuxer-ogg: 62fdf1f143b41e24485cea50d1cbac27 -> 
  custom:video-encoder-webm-vp8: eb34c28f22e8b96e1ab97ce403110664 -> 
  custom:video-decoder-webm-vp8: 9c59270c3fd7afecdb556c50c9e8de78 -> 
  custom:audio-decoder-ogg-vorbis: bf7c407c2cedff20999df2af8eb42d56 -> 
  custom:audio-encoder-webm-vorbis: bf7c407c2cedff20999df2af8eb42d56 -> 
========================================================================
Received Import Request.
  Time since last request: 264.272198 seconds.
  path: Assets/Scripts/Player Scripts/PlayerMovement.cs
  artifactKey: Guid(77bf1aceb3b938f42954bc504ce8e338) Importer(815301076,1909f56bfc062723c751e8b465ee728b)
Start importing Assets/Scripts/Player Scripts/PlayerMovement.cs using Guid(77bf1aceb3b938f42954bc504ce8e338) Importer(815301076,1909f56bfc062723c751e8b465ee728b)  -> (artifact id: '97060a1049bc52a04289a6d1f27a5a69') in 0.009014 seconds 
  Import took 0.013340 seconds .

========================================================================
Received Prepare
Registering precompiled user dll's ...
Registered in 0.006124 seconds.
Begin MonoManager ReloadAssembly
Native extension for WindowsStandalone target not found
Native extension for WebGL target not found
Refreshing native plugins compatible for Editor in 0.63 ms, found 3 plugins.
Preloading 0 native plugins for Editor in 0.00 ms.
Mono: successfully reloaded assembly
- Completed reload, in  2.113 seconds
Domain Reload Profiling:
	ReloadAssembly (2114ms)
		BeginReloadAssembly (185ms)
			ExecutionOrderSort (0ms)
			DisableScriptedObjects (20ms)
			BackupInstance (0ms)
			ReleaseScriptingObjects (1ms)
			CreateAndSetChildDomain (55ms)
		EndReloadAssembly (1846ms)
			LoadAssemblies (134ms)
			RebuildTransferFunctionScriptingTraits (0ms)
			SetupTypeCache (639ms)
			ReleaseScriptCaches (2ms)
			RebuildScriptCaches (110ms)
			SetupLoadedEditorAssemblies (738ms)
				LogAssemblyErrors (0ms)
				InitializePlatformSupportModulesInManaged (12ms)
				SetLoadedEditorAssemblies (1ms)
				RefreshPlugins (1ms)
				BeforeProcessingInitializeOnLoad (123ms)
				ProcessInitializeOnLoadAttributes (582ms)
				ProcessInitializeOnLoadMethodAttributes (7ms)
				AfterProcessingInitializeOnLoad (13ms)
				EditorAssembliesLoaded (0ms)
			ExecutionOrderSort2 (0ms)
			AwakeInstancesAfterBackupRestoration (18ms)
Platform modules already initialized, skipping
Refreshing native plugins compatible for Editor in 0.70 ms, found 3 plugins.
Preloading 0 native plugins for Editor in 0.00 ms.
Unloading 2084 Unused Serialized files (Serialized files now loaded: 0)
System memory in use before: 95.9 MB.
System memory in use after: 96.0 MB.

Unloading 16 unused Assets to reduce memory usage. Loaded Objects now: 2581.
Total: 4.539400 ms (FindLiveObjects: 0.352500 ms CreateObjectMapping: 0.148800 ms MarkObjects: 3.602300 ms  DeleteObjects: 0.434300 ms)

AssetImportParameters requested are different than current active one (requested -> active):
  custom:framework-win-MediaFoundation: 216162199b28c13a410421893ffa2e32 -> 
  custom:video-decoder-ogg-theora: a1e56fd34408186e4bbccfd4996cb3dc -> 
  custom:container-muxer-webm: aa71ff27fc2769a1b78a27578f13a17b -> 
  custom:container-demuxer-webm: 4f35f7cbe854078d1ac9338744f61a02 -> 
  custom:container-demuxer-ogg: 62fdf1f143b41e24485cea50d1cbac27 -> 
  custom:video-encoder-webm-vp8: eb34c28f22e8b96e1ab97ce403110664 -> 
  custom:video-decoder-webm-vp8: 9c59270c3fd7afecdb556c50c9e8de78 -> 
  custom:audio-decoder-ogg-vorbis: bf7c407c2cedff20999df2af8eb42d56 -> 
  custom:audio-encoder-webm-vorbis: bf7c407c2cedff20999df2af8eb42d56 -> 
========================================================================
Received Prepare
Registering precompiled user dll's ...
Registered in 0.010005 seconds.
Begin MonoManager ReloadAssembly
Native extension for WindowsStandalone target not found
Native extension for WebGL target not found
Refreshing native plugins compatible for Editor in 0.63 ms, found 3 plugins.
Preloading 0 native plugins for Editor in 0.00 ms.
Mono: successfully reloaded assembly
- Completed reload, in  2.240 seconds
Domain Reload Profiling:
	ReloadAssembly (2241ms)
		BeginReloadAssembly (367ms)
			ExecutionOrderSort (0ms)
			DisableScriptedObjects (16ms)
			BackupInstance (0ms)
			ReleaseScriptingObjects (0ms)
			CreateAndSetChildDomain (142ms)
		EndReloadAssembly (1760ms)
			LoadAssemblies (270ms)
			RebuildTransferFunctionScriptingTraits (0ms)
			SetupTypeCache (580ms)
			ReleaseScriptCaches (2ms)
			RebuildScriptCaches (111ms)
			SetupLoadedEditorAssemblies (642ms)
				LogAssemblyErrors (0ms)
				InitializePlatformSupportModulesInManaged (11ms)
				SetLoadedEditorAssemblies (1ms)
				RefreshPlugins (1ms)
				BeforeProcessingInitializeOnLoad (105ms)
				ProcessInitializeOnLoadAttributes (509ms)
				ProcessInitializeOnLoadMethodAttributes (6ms)
				AfterProcessingInitializeOnLoad (9ms)
				EditorAssembliesLoaded (0ms)
			ExecutionOrderSort2 (0ms)
			AwakeInstancesAfterBackupRestoration (13ms)
Platform modules already initialized, skipping
Refreshing native plugins compatible for Editor in 1.31 ms, found 3 plugins.
Preloading 0 native plugins for Editor in 0.00 ms.
Unloading 2084 Unused Serialized files (Serialized files now loaded: 0)
System memory in use before: 95.9 MB.
System memory in use after: 96.0 MB.

Unloading 16 unused Assets to reduce memory usage. Loaded Objects now: 2584.
Total: 24.283300 ms (FindLiveObjects: 2.384700 ms CreateObjectMapping: 0.407100 ms MarkObjects: 21.410900 ms  DeleteObjects: 0.075000 ms)

AssetImportParameters requested are different than current active one (requested -> active):
  custom:framework-win-MediaFoundation: 216162199b28c13a410421893ffa2e32 -> 
  custom:video-decoder-ogg-theora: a1e56fd34408186e4bbccfd4996cb3dc -> 
  custom:container-muxer-webm: aa71ff27fc2769a1b78a27578f13a17b -> 
  custom:container-demuxer-webm: 4f35f7cbe854078d1ac9338744f61a02 -> 
  custom:container-demuxer-ogg: 62fdf1f143b41e24485cea50d1cbac27 -> 
  custom:video-encoder-webm-vp8: eb34c28f22e8b96e1ab97ce403110664 -> 
  custom:video-decoder-webm-vp8: 9c59270c3fd7afecdb556c50c9e8de78 -> 
  custom:audio-decoder-ogg-vorbis: bf7c407c2cedff20999df2af8eb42d56 -> 
  custom:audio-encoder-webm-vorbis: bf7c407c2cedff20999df2af8eb42d56 -> 
========================================================================
Received Prepare
Registering precompiled user dll's ...
Registered in 0.016004 seconds.
Begin MonoManager ReloadAssembly
Native extension for WindowsStandalone target not found
Native extension for WebGL target not found
Refreshing native plugins compatible for Editor in 0.78 ms, found 3 plugins.
Preloading 0 native plugins for Editor in 0.00 ms.
Mono: successfully reloaded assembly
- Completed reload, in  2.475 seconds
Domain Reload Profiling:
	ReloadAssembly (2482ms)
		BeginReloadAssembly (373ms)
			ExecutionOrderSort (0ms)
			DisableScriptedObjects (27ms)
			BackupInstance (0ms)
			ReleaseScriptingObjects (0ms)
			CreateAndSetChildDomain (171ms)
		EndReloadAssembly (1915ms)
			LoadAssemblies (247ms)
			RebuildTransferFunctionScriptingTraits (0ms)
			SetupTypeCache (620ms)
			ReleaseScriptCaches (1ms)
			RebuildScriptCaches (67ms)
			SetupLoadedEditorAssemblies (770ms)
				LogAssemblyErrors (0ms)
				InitializePlatformSupportModulesInManaged (9ms)
				SetLoadedEditorAssemblies (1ms)
				RefreshPlugins (1ms)
				BeforeProcessingInitializeOnLoad (144ms)
				ProcessInitializeOnLoadAttributes (585ms)
				ProcessInitializeOnLoadMethodAttributes (13ms)
				AfterProcessingInitializeOnLoad (17ms)
				EditorAssembliesLoaded (1ms)
			ExecutionOrderSort2 (0ms)
			AwakeInstancesAfterBackupRestoration (46ms)
Platform modules already initialized, skipping
Refreshing native plugins compatible for Editor in 1.13 ms, found 3 plugins.
Preloading 0 native plugins for Editor in 0.00 ms.
Unloading 2084 Unused Serialized files (Serialized files now loaded: 0)
System memory in use before: 95.9 MB.
System memory in use after: 96.0 MB.

Unloading 16 unused Assets to reduce memory usage. Loaded Objects now: 2587.
Total: 7.064900 ms (FindLiveObjects: 1.471600 ms CreateObjectMapping: 0.245200 ms MarkObjects: 5.300500 ms  DeleteObjects: 0.035100 ms)

AssetImportParameters requested are different than current active one (requested -> active):
  custom:framework-win-MediaFoundation: 216162199b28c13a410421893ffa2e32 -> 
  custom:video-decoder-ogg-theora: a1e56fd34408186e4bbccfd4996cb3dc -> 
  custom:container-muxer-webm: aa71ff27fc2769a1b78a27578f13a17b -> 
  custom:container-demuxer-webm: 4f35f7cbe854078d1ac9338744f61a02 -> 
  custom:container-demuxer-ogg: 62fdf1f143b41e24485cea50d1cbac27 -> 
  custom:video-encoder-webm-vp8: eb34c28f22e8b96e1ab97ce403110664 -> 
  custom:video-decoder-webm-vp8: 9c59270c3fd7afecdb556c50c9e8de78 -> 
  custom:audio-decoder-ogg-vorbis: bf7c407c2cedff20999df2af8eb42d56 -> 
  custom:audio-encoder-webm-vorbis: bf7c407c2cedff20999df2af8eb42d56 -> 
========================================================================
Received Prepare
Registering precompiled user dll's ...
Registered in 0.018305 seconds.
Begin MonoManager ReloadAssembly
Native extension for WindowsStandalone target not found
Native extension for WebGL target not found
Refreshing native plugins compatible for Editor in 2.16 ms, found 3 plugins.
Preloading 0 native plugins for Editor in 0.00 ms.
Mono: successfully reloaded assembly
- Completed reload, in  2.594 seconds
Domain Reload Profiling:
	ReloadAssembly (2639ms)
		BeginReloadAssembly (737ms)
			ExecutionOrderSort (0ms)
			DisableScriptedObjects (126ms)
			BackupInstance (0ms)
			ReleaseScriptingObjects (2ms)
			CreateAndSetChildDomain (364ms)
		EndReloadAssembly (1762ms)
			LoadAssemblies (192ms)
			RebuildTransferFunctionScriptingTraits (0ms)
			SetupTypeCache (521ms)
			ReleaseScriptCaches (2ms)
			RebuildScriptCaches (56ms)
			SetupLoadedEditorAssemblies (767ms)
				LogAssemblyErrors (0ms)
				InitializePlatformSupportModulesInManaged (18ms)
				SetLoadedEditorAssemblies (2ms)
				RefreshPlugins (2ms)
				BeforeProcessingInitializeOnLoad (142ms)
				ProcessInitializeOnLoadAttributes (589ms)
				ProcessInitializeOnLoadMethodAttributes (7ms)
				AfterProcessingInitializeOnLoad (7ms)
				EditorAssembliesLoaded (1ms)
			ExecutionOrderSort2 (0ms)
			AwakeInstancesAfterBackupRestoration (33ms)
Platform modules already initialized, skipping
Refreshing native plugins compatible for Editor in 0.62 ms, found 3 plugins.
Preloading 0 native plugins for Editor in 0.00 ms.
Unloading 2084 Unused Serialized files (Serialized files now loaded: 0)
System memory in use before: 95.9 MB.
System memory in use after: 96.0 MB.

Unloading 16 unused Assets to reduce memory usage. Loaded Objects now: 2590.
Total: 5.523700 ms (FindLiveObjects: 0.225300 ms CreateObjectMapping: 0.511400 ms MarkObjects: 4.704300 ms  DeleteObjects: 0.081300 ms)

AssetImportParameters requested are different than current active one (requested -> active):
  custom:framework-win-MediaFoundation: 216162199b28c13a410421893ffa2e32 -> 
  custom:video-decoder-ogg-theora: a1e56fd34408186e4bbccfd4996cb3dc -> 
  custom:container-muxer-webm: aa71ff27fc2769a1b78a27578f13a17b -> 
  custom:container-demuxer-webm: 4f35f7cbe854078d1ac9338744f61a02 -> 
  custom:container-demuxer-ogg: 62fdf1f143b41e24485cea50d1cbac27 -> 
  custom:video-encoder-webm-vp8: eb34c28f22e8b96e1ab97ce403110664 -> 
  custom:video-decoder-webm-vp8: 9c59270c3fd7afecdb556c50c9e8de78 -> 
  custom:audio-decoder-ogg-vorbis: bf7c407c2cedff20999df2af8eb42d56 -> 
  custom:audio-encoder-webm-vorbis: bf7c407c2cedff20999df2af8eb42d56 -> 
========================================================================
Received Prepare
Registering precompiled user dll's ...
Registered in 0.005420 seconds.
Begin MonoManager ReloadAssembly
Native extension for WindowsStandalone target not found
Native extension for WebGL target not found
Refreshing native plugins compatible for Editor in 1.06 ms, found 3 plugins.
Preloading 0 native plugins for Editor in 0.00 ms.
Mono: successfully reloaded assembly
- Completed reload, in  1.623 seconds
Domain Reload Profiling:
	ReloadAssembly (1624ms)
		BeginReloadAssembly (174ms)
			ExecutionOrderSort (0ms)
			DisableScriptedObjects (9ms)
			BackupInstance (0ms)
			ReleaseScriptingObjects (0ms)
			CreateAndSetChildDomain (59ms)
		EndReloadAssembly (1350ms)
			LoadAssemblies (145ms)
			RebuildTransferFunctionScriptingTraits (0ms)
			SetupTypeCache (418ms)
			ReleaseScriptCaches (1ms)
			RebuildScriptCaches (61ms)
			SetupLoadedEditorAssemblies (570ms)
				LogAssemblyErrors (0ms)
				InitializePlatformSupportModulesInManaged (8ms)
				SetLoadedEditorAssemblies (1ms)
				RefreshPlugins (1ms)
				BeforeProcessingInitializeOnLoad (113ms)
				ProcessInitializeOnLoadAttributes (430ms)
				ProcessInitializeOnLoadMethodAttributes (8ms)
				AfterProcessingInitializeOnLoad (9ms)
				EditorAssembliesLoaded (0ms)
			ExecutionOrderSort2 (0ms)
			AwakeInstancesAfterBackupRestoration (17ms)
Platform modules already initialized, skipping
Refreshing native plugins compatible for Editor in 0.60 ms, found 3 plugins.
Preloading 0 native plugins for Editor in 0.00 ms.
Unloading 2084 Unused Serialized files (Serialized files now loaded: 0)
System memory in use before: 95.9 MB.
System memory in use after: 96.1 MB.

Unloading 16 unused Assets to reduce memory usage. Loaded Objects now: 2593.
Total: 4.470200 ms (FindLiveObjects: 0.273200 ms CreateObjectMapping: 0.108800 ms MarkObjects: 4.030900 ms  DeleteObjects: 0.055700 ms)

AssetImportParameters requested are different than current active one (requested -> active):
  custom:framework-win-MediaFoundation: 216162199b28c13a410421893ffa2e32 -> 
  custom:video-decoder-ogg-theora: a1e56fd34408186e4bbccfd4996cb3dc -> 
  custom:container-muxer-webm: aa71ff27fc2769a1b78a27578f13a17b -> 
  custom:container-demuxer-webm: 4f35f7cbe854078d1ac9338744f61a02 -> 
  custom:container-demuxer-ogg: 62fdf1f143b41e24485cea50d1cbac27 -> 
  custom:video-encoder-webm-vp8: eb34c28f22e8b96e1ab97ce403110664 -> 
  custom:video-decoder-webm-vp8: 9c59270c3fd7afecdb556c50c9e8de78 -> 
  custom:audio-decoder-ogg-vorbis: bf7c407c2cedff20999df2af8eb42d56 -> 
  custom:audio-encoder-webm-vorbis: bf7c407c2cedff20999df2af8eb42d56 -> 
========================================================================
Received Import Request.
  Time since last request: 14166.354350 seconds.
  path: Assets/Scripts/Helper Scripts
  artifactKey: Guid(7d6990a9abf90e64987174066ade452e) Importer(815301076,1909f56bfc062723c751e8b465ee728b)
Start importing Assets/Scripts/Helper Scripts using Guid(7d6990a9abf90e64987174066ade452e) Importer(815301076,1909f56bfc062723c751e8b465ee728b)  -> (artifact id: '270483c716d5988fe7d6975799bc524c') in 0.097016 seconds 
  Import took 0.111316 seconds .

========================================================================
Received Prepare
Registering precompiled user dll's ...
Registered in 0.008606 seconds.
Begin MonoManager ReloadAssembly
Native extension for WindowsStandalone target not found
Native extension for WebGL target not found
Refreshing native plugins compatible for Editor in 0.92 ms, found 3 plugins.
Preloading 0 native plugins for Editor in 0.00 ms.
Mono: successfully reloaded assembly
- Completed reload, in  2.040 seconds
Domain Reload Profiling:
	ReloadAssembly (2041ms)
		BeginReloadAssembly (269ms)
			ExecutionOrderSort (0ms)
			DisableScriptedObjects (11ms)
			BackupInstance (0ms)
			ReleaseScriptingObjects (1ms)
			CreateAndSetChildDomain (82ms)
		EndReloadAssembly (1563ms)
			LoadAssemblies (174ms)
			RebuildTransferFunctionScriptingTraits (0ms)
			SetupTypeCache (615ms)
			ReleaseScriptCaches (2ms)
			RebuildScriptCaches (102ms)
			SetupLoadedEditorAssemblies (525ms)
				LogAssemblyErrors (0ms)
				InitializePlatformSupportModulesInManaged (7ms)
				SetLoadedEditorAssemblies (1ms)
				RefreshPlugins (1ms)
				BeforeProcessingInitializeOnLoad (109ms)
				ProcessInitializeOnLoadAttributes (392ms)
				ProcessInitializeOnLoadMethodAttributes (7ms)
				AfterProcessingInitializeOnLoad (9ms)
				EditorAssembliesLoaded (0ms)
			ExecutionOrderSort2 (0ms)
			AwakeInstancesAfterBackupRestoration (14ms)
Platform modules already initialized, skipping
Refreshing native plugins compatible for Editor in 0.76 ms, found 3 plugins.
Preloading 0 native plugins for Editor in 0.00 ms.
Unloading 2084 Unused Serialized files (Serialized files now loaded: 0)
System memory in use before: 95.9 MB.
System memory in use after: 96.1 MB.

Unloading 16 unused Assets to reduce memory usage. Loaded Objects now: 2596.
Total: 6.087200 ms (FindLiveObjects: 0.685300 ms CreateObjectMapping: 0.228000 ms MarkObjects: 5.110000 ms  DeleteObjects: 0.061000 ms)

AssetImportParameters requested are different than current active one (requested -> active):
  custom:framework-win-MediaFoundation: 216162199b28c13a410421893ffa2e32 -> 
  custom:video-decoder-ogg-theora: a1e56fd34408186e4bbccfd4996cb3dc -> 
  custom:container-muxer-webm: aa71ff27fc2769a1b78a27578f13a17b -> 
  custom:container-demuxer-webm: 4f35f7cbe854078d1ac9338744f61a02 -> 
  custom:container-demuxer-ogg: 62fdf1f143b41e24485cea50d1cbac27 -> 
  custom:video-encoder-webm-vp8: eb34c28f22e8b96e1ab97ce403110664 -> 
  custom:video-decoder-webm-vp8: 9c59270c3fd7afecdb556c50c9e8de78 -> 
  custom:audio-decoder-ogg-vorbis: bf7c407c2cedff20999df2af8eb42d56 -> 
  custom:audio-encoder-webm-vorbis: bf7c407c2cedff20999df2af8eb42d56 -> 
========================================================================
Received Prepare
Registering precompiled user dll's ...
Registered in 0.010022 seconds.
Begin MonoManager ReloadAssembly
Native extension for WindowsStandalone target not found
Native extension for WebGL target not found
Refreshing native plugins compatible for Editor in 0.86 ms, found 3 plugins.
Preloading 0 native plugins for Editor in 0.00 ms.
Mono: successfully reloaded assembly
- Completed reload, in  1.786 seconds
Domain Reload Profiling:
	ReloadAssembly (1787ms)
		BeginReloadAssembly (239ms)
			ExecutionOrderSort (0ms)
			DisableScriptedObjects (12ms)
			BackupInstance (0ms)
			ReleaseScriptingObjects (0ms)
			CreateAndSetChildDomain (68ms)
		EndReloadAssembly (1412ms)
			LoadAssemblies (218ms)
			RebuildTransferFunctionScriptingTraits (0ms)
			SetupTypeCache (402ms)
			ReleaseScriptCaches (1ms)
			RebuildScriptCaches (88ms)
			SetupLoadedEditorAssemblies (562ms)
				LogAssemblyErrors (0ms)
				InitializePlatformSupportModulesInManaged (12ms)
				SetLoadedEditorAssemblies (1ms)
				RefreshPlugins (1ms)
				BeforeProcessingInitializeOnLoad (127ms)
				ProcessInitializeOnLoadAttributes (405ms)
				ProcessInitializeOnLoadMethodAttributes (8ms)
				AfterProcessingInitializeOnLoad (10ms)
				EditorAssembliesLoaded (0ms)
			ExecutionOrderSort2 (0ms)
			AwakeInstancesAfterBackupRestoration (24ms)
Platform modules already initialized, skipping
Refreshing native plugins compatible for Editor in 0.82 ms, found 3 plugins.
Preloading 0 native plugins for Editor in 0.00 ms.
Unloading 2084 Unused Serialized files (Serialized files now loaded: 0)
System memory in use before: 96.0 MB.
System memory in use after: 96.1 MB.

Unloading 16 unused Assets to reduce memory usage. Loaded Objects now: 2599.
Total: 5.497900 ms (FindLiveObjects: 0.292100 ms CreateObjectMapping: 0.167600 ms MarkObjects: 5.007000 ms  DeleteObjects: 0.026900 ms)

AssetImportParameters requested are different than current active one (requested -> active):
  custom:framework-win-MediaFoundation: 216162199b28c13a410421893ffa2e32 -> 
  custom:video-decoder-ogg-theora: a1e56fd34408186e4bbccfd4996cb3dc -> 
  custom:container-muxer-webm: aa71ff27fc2769a1b78a27578f13a17b -> 
  custom:container-demuxer-webm: 4f35f7cbe854078d1ac9338744f61a02 -> 
  custom:container-demuxer-ogg: 62fdf1f143b41e24485cea50d1cbac27 -> 
  custom:video-encoder-webm-vp8: eb34c28f22e8b96e1ab97ce403110664 -> 
  custom:video-decoder-webm-vp8: 9c59270c3fd7afecdb556c50c9e8de78 -> 
  custom:audio-decoder-ogg-vorbis: bf7c407c2cedff20999df2af8eb42d56 -> 
  custom:audio-encoder-webm-vorbis: bf7c407c2cedff20999df2af8eb42d56 -> 
========================================================================
Received Import Request.
  Time since last request: 38.754909 seconds.
  path: Assets/Scripts/Player Scripts/PlayerMovement.cs
  artifactKey: Guid(77bf1aceb3b938f42954bc504ce8e338) Importer(815301076,1909f56bfc062723c751e8b465ee728b)
Start importing Assets/Scripts/Player Scripts/PlayerMovement.cs using Guid(77bf1aceb3b938f42954bc504ce8e338) Importer(815301076,1909f56bfc062723c751e8b465ee728b)  -> (artifact id: 'f10dd4294dc4c9539935157cf7438307') in 0.015049 seconds 
  Import took 0.022395 seconds .

========================================================================
Received Import Request.
  Time since last request: 0.043048 seconds.
  path: Assets/Scripts/Player Scripts/PlayerMovement.cs
  artifactKey: Guid(77bf1aceb3b938f42954bc504ce8e338) Importer(815301076,1909f56bfc062723c751e8b465ee728b)
Start importing Assets/Scripts/Player Scripts/PlayerMovement.cs using Guid(77bf1aceb3b938f42954bc504ce8e338) Importer(815301076,1909f56bfc062723c751e8b465ee728b)  -> (artifact id: 'f10dd4294dc4c9539935157cf7438307') in 0.003806 seconds 
  Import took 0.009633 seconds .

========================================================================
Received Prepare
Registering precompiled user dll's ...
Registered in 0.007346 seconds.
Begin MonoManager ReloadAssembly
Native extension for WindowsStandalone target not found
Native extension for WebGL target not found
Refreshing native plugins compatible for Editor in 0.62 ms, found 3 plugins.
Preloading 0 native plugins for Editor in 0.00 ms.
Mono: successfully reloaded assembly
- Completed reload, in  1.857 seconds
Domain Reload Profiling:
	ReloadAssembly (1858ms)
		BeginReloadAssembly (140ms)
			ExecutionOrderSort (0ms)
			DisableScriptedObjects (8ms)
			BackupInstance (0ms)
			ReleaseScriptingObjects (0ms)
			CreateAndSetChildDomain (43ms)
		EndReloadAssembly (1631ms)
			LoadAssemblies (132ms)
			RebuildTransferFunctionScriptingTraits (0ms)
			SetupTypeCache (452ms)
			ReleaseScriptCaches (7ms)
			RebuildScriptCaches (230ms)
			SetupLoadedEditorAssemblies (554ms)
				LogAssemblyErrors (0ms)
				InitializePlatformSupportModulesInManaged (7ms)
				SetLoadedEditorAssemblies (1ms)
				RefreshPlugins (1ms)
				BeforeProcessingInitializeOnLoad (101ms)
				ProcessInitializeOnLoadAttributes (430ms)
				ProcessInitializeOnLoadMethodAttributes (6ms)
				AfterProcessingInitializeOnLoad (9ms)
				EditorAssembliesLoaded (0ms)
			ExecutionOrderSort2 (0ms)
			AwakeInstancesAfterBackupRestoration (14ms)
Platform modules already initialized, skipping
Refreshing native plugins compatible for Editor in 1.03 ms, found 3 plugins.
Preloading 0 native plugins for Editor in 0.00 ms.
Unloading 2084 Unused Serialized files (Serialized files now loaded: 0)
System memory in use before: 96.0 MB.
System memory in use after: 96.1 MB.

Unloading 16 unused Assets to reduce memory usage. Loaded Objects now: 2602.
Total: 4.450800 ms (FindLiveObjects: 0.343000 ms CreateObjectMapping: 0.087900 ms MarkObjects: 3.946900 ms  DeleteObjects: 0.071300 ms)

AssetImportParameters requested are different than current active one (requested -> active):
  custom:framework-win-MediaFoundation: 216162199b28c13a410421893ffa2e32 -> 
  custom:video-decoder-ogg-theora: a1e56fd34408186e4bbccfd4996cb3dc -> 
  custom:container-muxer-webm: aa71ff27fc2769a1b78a27578f13a17b -> 
  custom:container-demuxer-webm: 4f35f7cbe854078d1ac9338744f61a02 -> 
  custom:container-demuxer-ogg: 62fdf1f143b41e24485cea50d1cbac27 -> 
  custom:video-encoder-webm-vp8: eb34c28f22e8b96e1ab97ce403110664 -> 
  custom:video-decoder-webm-vp8: 9c59270c3fd7afecdb556c50c9e8de78 -> 
  custom:audio-decoder-ogg-vorbis: bf7c407c2cedff20999df2af8eb42d56 -> 
  custom:audio-encoder-webm-vorbis: bf7c407c2cedff20999df2af8eb42d56 -> 
========================================================================
Received Import Request.
  Time since last request: 29.349809 seconds.
  path: Assets/Scripts/Camera Scripts
  artifactKey: Guid(7f074d2ef07ecf94ba52ff802c3d781d) Importer(815301076,1909f56bfc062723c751e8b465ee728b)
Start importing Assets/Scripts/Camera Scripts using Guid(7f074d2ef07ecf94ba52ff802c3d781d) Importer(815301076,1909f56bfc062723c751e8b465ee728b)  -> (artifact id: 'c744d196bb325705ebd3b2e78921b8d4') in 0.014432 seconds 
  Import took 0.019168 seconds .

========================================================================
Received Import Request.
  Time since last request: 23.319530 seconds.
  path: Assets/Scripts/Camera Scripts/CameraFollow.cs
  artifactKey: Guid(7dcd7a50f4a0c994db65d6000ec30451) Importer(815301076,1909f56bfc062723c751e8b465ee728b)
Start importing Assets/Scripts/Camera Scripts/CameraFollow.cs using Guid(7dcd7a50f4a0c994db65d6000ec30451) Importer(815301076,1909f56bfc062723c751e8b465ee728b)  -> (artifact id: '221a62899ad1c68305a66ef71f623dd9') in 0.018348 seconds 
  Import took 0.030312 seconds .

========================================================================
Received Prepare
Registering precompiled user dll's ...
Registered in 0.011007 seconds.
Begin MonoManager ReloadAssembly
Native extension for WindowsStandalone target not found
Native extension for WebGL target not found
Refreshing native plugins compatible for Editor in 0.88 ms, found 3 plugins.
Preloading 0 native plugins for Editor in 0.00 ms.
Mono: successfully reloaded assembly
- Completed reload, in  2.390 seconds
Domain Reload Profiling:
	ReloadAssembly (2391ms)
		BeginReloadAssembly (285ms)
			ExecutionOrderSort (0ms)
			DisableScriptedObjects (10ms)
			BackupInstance (0ms)
			ReleaseScriptingObjects (0ms)
			CreateAndSetChildDomain (104ms)
		EndReloadAssembly (1855ms)
			LoadAssemblies (213ms)
			RebuildTransferFunctionScriptingTraits (0ms)
			SetupTypeCache (598ms)
			ReleaseScriptCaches (2ms)
			RebuildScriptCaches (123ms)
			SetupLoadedEditorAssemblies (778ms)
				LogAssemblyErrors (0ms)
				InitializePlatformSupportModulesInManaged (10ms)
				SetLoadedEditorAssemblies (1ms)
				RefreshPlugins (1ms)
				BeforeProcessingInitializeOnLoad (197ms)
				ProcessInitializeOnLoadAttributes (553ms)
				ProcessInitializeOnLoadMethodAttributes (6ms)
				AfterProcessingInitializeOnLoad (10ms)
				EditorAssembliesLoaded (0ms)
			ExecutionOrderSort2 (0ms)
			AwakeInstancesAfterBackupRestoration (14ms)
Platform modules already initialized, skipping
Refreshing native plugins compatible for Editor in 0.75 ms, found 3 plugins.
Preloading 0 native plugins for Editor in 0.00 ms.
Unloading 2085 Unused Serialized files (Serialized files now loaded: 0)
System memory in use before: 96.0 MB.
System memory in use after: 96.1 MB.

Unloading 16 unused Assets to reduce memory usage. Loaded Objects now: 2606.
Total: 3.930800 ms (FindLiveObjects: 0.347200 ms CreateObjectMapping: 0.109800 ms MarkObjects: 3.421800 ms  DeleteObjects: 0.036000 ms)

AssetImportParameters requested are different than current active one (requested -> active):
  custom:framework-win-MediaFoundation: 216162199b28c13a410421893ffa2e32 -> 
  custom:video-decoder-ogg-theora: a1e56fd34408186e4bbccfd4996cb3dc -> 
  custom:container-muxer-webm: aa71ff27fc2769a1b78a27578f13a17b -> 
  custom:container-demuxer-webm: 4f35f7cbe854078d1ac9338744f61a02 -> 
  custom:container-demuxer-ogg: 62fdf1f143b41e24485cea50d1cbac27 -> 
  custom:video-encoder-webm-vp8: eb34c28f22e8b96e1ab97ce403110664 -> 
  custom:video-decoder-webm-vp8: 9c59270c3fd7afecdb556c50c9e8de78 -> 
  custom:audio-decoder-ogg-vorbis: bf7c407c2cedff20999df2af8eb42d56 -> 
  custom:audio-encoder-webm-vorbis: bf7c407c2cedff20999df2af8eb42d56 -> 
========================================================================
Received Prepare
Registering precompiled user dll's ...
Registered in 0.006118 seconds.
Begin MonoManager ReloadAssembly
Native extension for WindowsStandalone target not found
Native extension for WebGL target not found
Refreshing native plugins compatible for Editor in 0.64 ms, found 3 plugins.
Preloading 0 native plugins for Editor in 0.00 ms.
Mono: successfully reloaded assembly
- Completed reload, in  1.856 seconds
Domain Reload Profiling:
	ReloadAssembly (1857ms)
		BeginReloadAssembly (196ms)
			ExecutionOrderSort (0ms)
			DisableScriptedObjects (10ms)
			BackupInstance (0ms)
			ReleaseScriptingObjects (0ms)
			CreateAndSetChildDomain (59ms)
		EndReloadAssembly (1496ms)
			LoadAssemblies (166ms)
			RebuildTransferFunctionScriptingTraits (0ms)
			SetupTypeCache (469ms)
			ReleaseScriptCaches (1ms)
			RebuildScriptCaches (99ms)
			SetupLoadedEditorAssemblies (602ms)
				LogAssemblyErrors (0ms)
				InitializePlatformSupportModulesInManaged (8ms)
				SetLoadedEditorAssemblies (1ms)
				RefreshPlugins (1ms)
				BeforeProcessingInitializeOnLoad (146ms)
				ProcessInitializeOnLoadAttributes (431ms)
				ProcessInitializeOnLoadMethodAttributes (7ms)
				AfterProcessingInitializeOnLoad (9ms)
				EditorAssembliesLoaded (0ms)
			ExecutionOrderSort2 (0ms)
			AwakeInstancesAfterBackupRestoration (14ms)
Platform modules already initialized, skipping
Refreshing native plugins compatible for Editor in 0.94 ms, found 3 plugins.
Preloading 0 native plugins for Editor in 0.00 ms.
Unloading 2085 Unused Serialized files (Serialized files now loaded: 0)
System memory in use before: 96.0 MB.
System memory in use after: 96.1 MB.

Unloading 16 unused Assets to reduce memory usage. Loaded Objects now: 2609.
Total: 4.074600 ms (FindLiveObjects: 0.381300 ms CreateObjectMapping: 0.177900 ms MarkObjects: 3.454200 ms  DeleteObjects: 0.059700 ms)

AssetImportParameters requested are different than current active one (requested -> active):
  custom:framework-win-MediaFoundation: 216162199b28c13a410421893ffa2e32 -> 
  custom:video-decoder-ogg-theora: a1e56fd34408186e4bbccfd4996cb3dc -> 
  custom:container-muxer-webm: aa71ff27fc2769a1b78a27578f13a17b -> 
  custom:container-demuxer-webm: 4f35f7cbe854078d1ac9338744f61a02 -> 
  custom:container-demuxer-ogg: 62fdf1f143b41e24485cea50d1cbac27 -> 
  custom:video-encoder-webm-vp8: eb34c28f22e8b96e1ab97ce403110664 -> 
  custom:video-decoder-webm-vp8: 9c59270c3fd7afecdb556c50c9e8de78 -> 
  custom:audio-decoder-ogg-vorbis: bf7c407c2cedff20999df2af8eb42d56 -> 
  custom:audio-encoder-webm-vorbis: bf7c407c2cedff20999df2af8eb42d56 -> 
========================================================================
Received Import Request.
  Time since last request: 802.852143 seconds.
  path: Assets/Scripts/Camera Scripts/CameraFollow.cs
  artifactKey: Guid(7dcd7a50f4a0c994db65d6000ec30451) Importer(815301076,1909f56bfc062723c751e8b465ee728b)
Start importing Assets/Scripts/Camera Scripts/CameraFollow.cs using Guid(7dcd7a50f4a0c994db65d6000ec30451) Importer(815301076,1909f56bfc062723c751e8b465ee728b)  -> (artifact id: 'da83afd209a11f12212a783fcaccd40a') in 0.007378 seconds 
  Import took 0.015638 seconds .

========================================================================
Received Prepare
Registering precompiled user dll's ...
Registered in 0.005942 seconds.
Begin MonoManager ReloadAssembly
Native extension for WindowsStandalone target not found
Native extension for WebGL target not found
Refreshing native plugins compatible for Editor in 0.77 ms, found 3 plugins.
Preloading 0 native plugins for Editor in 0.00 ms.
Mono: successfully reloaded assembly
- Completed reload, in  1.740 seconds
Domain Reload Profiling:
	ReloadAssembly (1741ms)
		BeginReloadAssembly (152ms)
			ExecutionOrderSort (0ms)
			DisableScriptedObjects (8ms)
			BackupInstance (0ms)
			ReleaseScriptingObjects (0ms)
			CreateAndSetChildDomain (46ms)
		EndReloadAssembly (1478ms)
			LoadAssemblies (144ms)
			RebuildTransferFunctionScriptingTraits (0ms)
			SetupTypeCache (425ms)
			ReleaseScriptCaches (1ms)
			RebuildScriptCaches (56ms)
			SetupLoadedEditorAssemblies (705ms)
				LogAssemblyErrors (0ms)
				InitializePlatformSupportModulesInManaged (8ms)
				SetLoadedEditorAssemblies (1ms)
				RefreshPlugins (1ms)
				BeforeProcessingInitializeOnLoad (105ms)
				ProcessInitializeOnLoadAttributes (533ms)
				ProcessInitializeOnLoadMethodAttributes (39ms)
				AfterProcessingInitializeOnLoad (18ms)
				EditorAssembliesLoaded (0ms)
			ExecutionOrderSort2 (0ms)
			AwakeInstancesAfterBackupRestoration (25ms)
Platform modules already initialized, skipping
Refreshing native plugins compatible for Editor in 0.77 ms, found 3 plugins.
Preloading 0 native plugins for Editor in 0.00 ms.
Unloading 2085 Unused Serialized files (Serialized files now loaded: 0)
System memory in use before: 96.0 MB.
System memory in use after: 96.1 MB.

Unloading 16 unused Assets to reduce memory usage. Loaded Objects now: 2612.
Total: 4.315400 ms (FindLiveObjects: 0.279500 ms CreateObjectMapping: 0.105500 ms MarkObjects: 3.882300 ms  DeleteObjects: 0.047000 ms)

AssetImportParameters requested are different than current active one (requested -> active):
  custom:framework-win-MediaFoundation: 216162199b28c13a410421893ffa2e32 -> 
  custom:video-decoder-ogg-theora: a1e56fd34408186e4bbccfd4996cb3dc -> 
  custom:container-muxer-webm: aa71ff27fc2769a1b78a27578f13a17b -> 
  custom:container-demuxer-webm: 4f35f7cbe854078d1ac9338744f61a02 -> 
  custom:container-demuxer-ogg: 62fdf1f143b41e24485cea50d1cbac27 -> 
  custom:video-encoder-webm-vp8: eb34c28f22e8b96e1ab97ce403110664 -> 
  custom:video-decoder-webm-vp8: 9c59270c3fd7afecdb556c50c9e8de78 -> 
  custom:audio-decoder-ogg-vorbis: bf7c407c2cedff20999df2af8eb42d56 -> 
  custom:audio-encoder-webm-vorbis: bf7c407c2cedff20999df2af8eb42d56 -> 
========================================================================
Received Import Request.
  Time since last request: 1380.735508 seconds.
  path: Assets/Sprites/Weapons/pistol/diagdown.png
  artifactKey: Guid(72811d70d52ee42439eec01069b2ed86) Importer(815301076,1909f56bfc062723c751e8b465ee728b)
Start importing Assets/Sprites/Weapons/pistol/diagdown.png using Guid(72811d70d52ee42439eec01069b2ed86) Importer(815301076,1909f56bfc062723c751e8b465ee728b)  -> (artifact id: 'f1ce4e98648211424d32403fded321b8') in 0.216803 seconds 
  Import took 0.225765 seconds .

========================================================================
Received Import Request.
  Time since last request: 203.737224 seconds.
  path: Assets/Sprites/Weapons/pistol/down.png
  artifactKey: Guid(9ef322073de1aac4db55bd891a6bae7c) Importer(815301076,1909f56bfc062723c751e8b465ee728b)
Start importing Assets/Sprites/Weapons/pistol/down.png using Guid(9ef322073de1aac4db55bd891a6bae7c) Importer(815301076,1909f56bfc062723c751e8b465ee728b)  -> (artifact id: '8754aba5e80be17615eb8e6740f6b167') in 0.058423 seconds 
  Import took 0.071965 seconds .

========================================================================
Received Import Request.
  Time since last request: 12.836005 seconds.
  path: Assets/Sprites/Weapons/pistol/down.png
  artifactKey: Guid(9ef322073de1aac4db55bd891a6bae7c) Importer(815301076,1909f56bfc062723c751e8b465ee728b)
Start importing Assets/Sprites/Weapons/pistol/down.png using Guid(9ef322073de1aac4db55bd891a6bae7c) Importer(815301076,1909f56bfc062723c751e8b465ee728b)  -> (artifact id: '4b365ee5adc20898b59f4b917f9d1965') in 0.027613 seconds 
  Import took 0.039586 seconds .

========================================================================
Received Import Request.
  Time since last request: 532.221343 seconds.
  path: Assets/Sprites/Weapons/matter/diagdown.png
  artifactKey: Guid(d020512a4ee77914e8083d341540fbc4) Importer(815301076,1909f56bfc062723c751e8b465ee728b)
Start importing Assets/Sprites/Weapons/matter/diagdown.png using Guid(d020512a4ee77914e8083d341540fbc4) Importer(815301076,1909f56bfc062723c751e8b465ee728b)  -> (artifact id: 'c18a4037e31330ea821ec126c0b5645a') in 0.050561 seconds 
  Import took 0.060489 seconds .

========================================================================
Received Import Request.
  Time since last request: 2.197274 seconds.
  path: Assets/Sprites/Weapons/matter/diagup.png
  artifactKey: Guid(62e6dfbf5498eaf4a9619518e6156c7a) Importer(815301076,1909f56bfc062723c751e8b465ee728b)
Start importing Assets/Sprites/Weapons/matter/diagup.png using Guid(62e6dfbf5498eaf4a9619518e6156c7a) Importer(815301076,1909f56bfc062723c751e8b465ee728b)  -> (artifact id: 'cfa663467e0a77d6b019923f77c1335c') in 0.124300 seconds 
  Import took 0.137467 seconds .

========================================================================
Received Import Request.
  Time since last request: 5.920094 seconds.
  path: Assets/Sprites/Weapons/matter/diagup.png
  artifactKey: Guid(62e6dfbf5498eaf4a9619518e6156c7a) Importer(815301076,1909f56bfc062723c751e8b465ee728b)
Start importing Assets/Sprites/Weapons/matter/diagup.png using Guid(62e6dfbf5498eaf4a9619518e6156c7a) Importer(815301076,1909f56bfc062723c751e8b465ee728b)  -> (artifact id: 'a97794a899fffce6ca73a4ca4000ae0e') in 0.017246 seconds 
  Import took 0.024365 seconds .

========================================================================
Received Import Request.
  Time since last request: 230.954249 seconds.
  path: Assets/Sprites/Weapons/laser/diagdown.png
  artifactKey: Guid(c0c7735900d32144e819d35268d18872) Importer(815301076,1909f56bfc062723c751e8b465ee728b)
Start importing Assets/Sprites/Weapons/laser/diagdown.png using Guid(c0c7735900d32144e819d35268d18872) Importer(815301076,1909f56bfc062723c751e8b465ee728b)  -> (artifact id: 'af0aa8a52e2abf4d7c95c0a1859cbbec') in 0.051595 seconds 
  Import took 0.064618 seconds .

========================================================================
Received Import Request.
  Time since last request: 1.499076 seconds.
  path: Assets/Sprites/Weapons/laser/down.png
  artifactKey: Guid(40dba52d42518d745808ae5bfab89948) Importer(815301076,1909f56bfc062723c751e8b465ee728b)
Start importing Assets/Sprites/Weapons/laser/down.png using Guid(40dba52d42518d745808ae5bfab89948) Importer(815301076,1909f56bfc062723c751e8b465ee728b)  -> (artifact id: 'f4963f0c72827877697d01679a383144') in 0.041914 seconds 
  Import took 0.047276 seconds .

========================================================================
Received Import Request.
  Time since last request: 7.519004 seconds.
  path: Assets/Sprites/Weapons/laser/down.png
  artifactKey: Guid(40dba52d42518d745808ae5bfab89948) Importer(815301076,1909f56bfc062723c751e8b465ee728b)
Start importing Assets/Sprites/Weapons/laser/down.png using Guid(40dba52d42518d745808ae5bfab89948) Importer(815301076,1909f56bfc062723c751e8b465ee728b)  -> (artifact id: '8cf216446fa06b652f6d24e650f816a0') in 0.016901 seconds 
  Import took 0.027297 seconds .

========================================================================
Received Import Request.
  Time since last request: 290.640246 seconds.
  path: Assets/Sprites/Weapons/flamthrower/diagdown.png
  artifactKey: Guid(51b0cb4b2d4a8fb428503af12730ab53) Importer(815301076,1909f56bfc062723c751e8b465ee728b)
Start importing Assets/Sprites/Weapons/flamthrower/diagdown.png using Guid(51b0cb4b2d4a8fb428503af12730ab53) Importer(815301076,1909f56bfc062723c751e8b465ee728b)  -> (artifact id: 'cc53ada7a529e011a8a84d25111a8efb') in 0.050184 seconds 
  Import took 0.058120 seconds .

========================================================================
Received Import Request.
  Time since last request: 1.273826 seconds.
  path: Assets/Sprites/Weapons/flamthrower/side.png
  artifactKey: Guid(f17ae9cfed0a90d44b716cfe72748dff) Importer(815301076,1909f56bfc062723c751e8b465ee728b)
Start importing Assets/Sprites/Weapons/flamthrower/side.png using Guid(f17ae9cfed0a90d44b716cfe72748dff) Importer(815301076,1909f56bfc062723c751e8b465ee728b)  -> (artifact id: '00d5d36c03a4f6def5b1f87b5ff6a60d') in 0.045867 seconds 
  Import took 0.052135 seconds .

========================================================================
Received Import Request.
  Time since last request: 13.483841 seconds.
  path: Assets/Sprites/Weapons/flamthrower/side.png
  artifactKey: Guid(f17ae9cfed0a90d44b716cfe72748dff) Importer(815301076,1909f56bfc062723c751e8b465ee728b)
Start importing Assets/Sprites/Weapons/flamthrower/side.png using Guid(f17ae9cfed0a90d44b716cfe72748dff) Importer(815301076,1909f56bfc062723c751e8b465ee728b)  -> (artifact id: '262b1967605cdb1c5b6184a2ca1a5a05') in 0.017128 seconds 
  Import took 0.022240 seconds .

AssetImportWorkerClient::OnTransportError - code=2 error=End of file
